2026-05-14 19:53:26,612 [DEBUG] crypto: Generating salt
2026-05-14 20:13:24,763 [DEBUG] crypto: Generating salt
2026-05-14 20:13:24,763 [DEBUG] crypto: Generating master key
2026-05-14 20:13:24,763 [DEBUG] crypto: Deriving key with salt=ad92802de3315088..., memory=65536, iterations=3
2026-05-14 21:41:45,470 [DEBUG] crypto: Generating salt
2026-05-14 21:41:45,471 [DEBUG] crypto: Generating master key
2026-05-14 21:41:45,471 [DEBUG] crypto: Deriving key with salt=e343e704c52ac665..., memory=65536, iterations=3
2026-05-14 21:41:45,522 [DEBUG] crypto: Key derived successfully, length=32
2026-05-14 21:41:45,523 [DEBUG] crypto: AES-CBC encrypt: plaintext_len=32
2026-05-14 21:41:45,547 [DEBUG] crypto: AES-CBC encrypt: ciphertext_len=88
2026-05-14 21:41:49,184 [DEBUG] crypto: Deriving key with salt=e343e704c52ac665..., memory=65536, iterations=3
2026-05-14 21:41:49,233 [DEBUG] crypto: Key derived successfully, length=32
2026-05-14 21:41:49,234 [DEBUG] crypto: AES-CBC decrypt: ciphertext_len=88
2026-05-14 21:41:49,234 [DEBUG] crypto: AES-CBC decrypt: plaintext_len=32
2026-05-14 21:41:51,598 [DEBUG] crypto: AES-CBC encrypt: plaintext_len=114
2026-05-14 21:41:51,598 [DEBUG] crypto: AES-CBC encrypt: ciphertext_len=192
2026-05-14 21:41:51,599 [DEBUG] crypto: AES-CBC encrypt: plaintext_len=43
2026-05-14 21:41:51,599 [DEBUG] crypto: AES-CBC encrypt: ciphertext_len=88
2026-05-14 21:41:51,599 [DEBUG] crypto: AES-CBC encrypt: plaintext_len=88
2026-05-14 21:41:51,599 [DEBUG] crypto: AES-CBC encrypt: ciphertext_len=152
2026-05-14 21:41:51,600 [DEBUG] crypto: AES-CBC decrypt: ciphertext_len=192
2026-05-14 21:41:51,600 [DEBUG] crypto: AES-CBC decrypt: plaintext_len=114
2026-05-14 21:41:57,994 [DEBUG] crypto: AES-CBC encrypt: plaintext_len=114
2026-05-14 21:41:57,994 [DEBUG] crypto: AES-CBC encrypt: ciphertext_len=192
2026-05-14 21:41:57,994 [DEBUG] crypto: AES-CBC encrypt: plaintext_len=43
2026-05-14 21:41:57,995 [DEBUG] crypto: AES-CBC encrypt: ciphertext_len=88
2026-05-14 21:41:57,995 [DEBUG] crypto: AES-CBC encrypt: plaintext_len=88
2026-05-14 21:41:57,995 [DEBUG] crypto: AES-CBC encrypt: ciphertext_len=152
2026-05-14 21:41:57,996 [DEBUG] crypto: AES-CBC decrypt: ciphertext_len=192
2026-05-14 21:41:57,996 [DEBUG] crypto: AES-CBC decrypt: plaintext_len=114
2026-05-14 21:41:57,996 [DEBUG] crypto: AES-CBC decrypt: ciphertext_len=192
2026-05-14 21:41:57,996 [DEBUG] crypto: AES-CBC decrypt: plaintext_len=114
2026-05-14 21:43:25,958 [DEBUG] crypto: Deriving key with salt=e343e704c52ac665..., memory=65536, iterations=3
2026-05-14 21:43:26,010 [DEBUG] crypto: Key derived successfully, length=32
2026-05-14 21:43:26,010 [DEBUG] crypto: AES-CBC decrypt: ciphertext_len=88
2026-05-14 21:43:26,022 [DEBUG] crypto: AES-CBC decrypt: plaintext_len=32
2026-05-14 21:43:26,022 [DEBUG] crypto: AES-CBC decrypt: ciphertext_len=192
2026-05-14 21:43:26,022 [DEBUG] crypto: AES-CBC decrypt: plaintext_len=114
2026-05-14 21:43:26,023 [DEBUG] crypto: AES-CBC decrypt: ciphertext_len=192
2026-05-14 21:43:26,023 [DEBUG] crypto: AES-CBC decrypt: plaintext_len=114
2026-05-15 05:15:58,155 [DEBUG] crypto: Deriving key with salt=e343e704c52ac665..., memory=65536, iterations=3
2026-05-15 05:15:58,209 [DEBUG] crypto: Key derived successfully, length=32
2026-05-15 05:15:58,209 [DEBUG] crypto: AES-CBC decrypt: ciphertext_len=88
2026-05-15 05:16:15,684 [DEBUG] crypto: Deriving key with salt=e343e704c52ac665..., memory=65536, iterations=3
2026-05-15 05:16:15,736 [DEBUG] crypto: Key derived successfully, length=32
2026-05-15 05:16:15,736 [DEBUG] crypto: AES-CBC decrypt: ciphertext_len=88
2026-05-15 05:16:15,736 [DEBUG] crypto: AES-CBC decrypt: plaintext_len=32
2026-05-15 05:16:15,740 [DEBUG] crypto: AES-CBC decrypt: ciphertext_len=192
2026-05-15 05:16:15,741 [DEBUG] crypto: AES-CBC decrypt: plaintext_len=114
2026-05-15 05:16:15,742 [DEBUG] crypto: AES-CBC decrypt: ciphertext_len=192
2026-05-15 05:16:15,742 [DEBUG] crypto: AES-CBC decrypt: plaintext_len=114
2026-05-15 05:16:22,913 [DEBUG] crypto: AES-CBC decrypt: ciphertext_len=192
2026-05-15 05:16:22,913 [DEBUG] crypto: AES-CBC decrypt: plaintext_len=114
2026-05-15 05:16:22,917 [DEBUG] crypto: AES-CBC decrypt: ciphertext_len=152
2026-05-15 05:16:22,917 [DEBUG] crypto: AES-CBC decrypt: plaintext_len=88
2026-05-15 05:16:22,917 [DEBUG] crypto: AES-CBC decrypt: ciphertext_len=88
2026-05-15 05:16:22,917 [DEBUG] crypto: AES-CBC decrypt: plaintext_len=43
2026-05-15 05:18:17,200 [DEBUG] crypto: AES-CBC decrypt: ciphertext_len=192
2026-05-15 05:18:17,200 [DEBUG] crypto: AES-CBC decrypt: plaintext_len=114
2026-05-15 05:18:17,201 [DEBUG] crypto: AES-CBC decrypt: ciphertext_len=192
2026-05-15 05:18:17,201 [DEBUG] crypto: AES-CBC decrypt: plaintext_len=114
2026-05-15 05:18:19,966 [DEBUG] crypto: AES-CBC decrypt: ciphertext_len=192
2026-05-15 05:18:19,966 [DEBUG] crypto: AES-CBC decrypt: plaintext_len=114
2026-05-15 05:18:19,966 [DEBUG] crypto: AES-CBC decrypt: ciphertext_len=192
2026-05-15 05:18:19,967 [DEBUG] crypto: AES-CBC decrypt: plaintext_len=114
2026-05-15 05:18:40,857 [DEBUG] crypto: AES-CBC decrypt: ciphertext_len=192
2026-05-15 05:18:40,858 [DEBUG] crypto: AES-CBC decrypt: plaintext_len=114
2026-05-15 05:18:40,858 [DEBUG] crypto: AES-CBC decrypt: ciphertext_len=152
2026-05-15 05:18:40,858 [DEBUG] crypto: AES-CBC decrypt: plaintext_len=88
2026-05-15 05:18:40,858 [DEBUG] crypto: AES-CBC decrypt: ciphertext_len=88
2026-05-15 05:18:40,858 [DEBUG] crypto: AES-CBC decrypt: plaintext_len=43
2026-05-15 05:18:43,777 [DEBUG] crypto: AES-CBC decrypt: ciphertext_len=192
2026-05-15 05:18:43,778 [DEBUG] crypto: AES-CBC decrypt: plaintext_len=114
2026-05-15 05:18:43,780 [DEBUG] crypto: AES-CBC decrypt: ciphertext_len=152
2026-05-15 05:18:43,780 [DEBUG] crypto: AES-CBC decrypt: plaintext_len=88
2026-05-15 05:18:43,780 [DEBUG] crypto: AES-CBC decrypt: ciphertext_len=88
2026-05-15 05:18:43,780 [DEBUG] crypto: AES-CBC decrypt: plaintext_len=43
2026-05-15 05:19:01,690 [DEBUG] crypto: AES-CBC decrypt: ciphertext_len=192
2026-05-15 05:19:01,690 [DEBUG] crypto: AES-CBC decrypt: plaintext_len=114
2026-05-15 05:19:01,691 [DEBUG] crypto: AES-CBC decrypt: ciphertext_len=152
2026-05-15 05:19:01,691 [DEBUG] crypto: AES-CBC decrypt: plaintext_len=88
2026-05-15 05:19:01,691 [DEBUG] crypto: AES-CBC decrypt: ciphertext_len=88
2026-05-15 05:19:01,691 [DEBUG] crypto: AES-CBC decrypt: plaintext_len=43
2026-05-15 05:32:11,208 [DEBUG] crypto: Deriving key with salt=e343e704c52ac665..., memory=65536, iterations=3
2026-05-15 05:32:11,260 [DEBUG] crypto: Key derived successfully, length=32
2026-05-15 05:32:11,261 [DEBUG] crypto: AES-CBC decrypt: ciphertext_len=88
2026-05-15 05:32:11,272 [DEBUG] crypto: AES-CBC decrypt: plaintext_len=32
2026-05-15 05:32:11,273 [DEBUG] crypto: AES-CBC decrypt: ciphertext_len=192
2026-05-15 05:32:11,274 [DEBUG] crypto: AES-CBC decrypt: plaintext_len=114
2026-05-15 05:32:11,274 [DEBUG] crypto: AES-CBC decrypt: ciphertext_len=192
2026-05-15 05:32:11,274 [DEBUG] crypto: AES-CBC decrypt: plaintext_len=114
2026-05-15 05:32:13,193 [DEBUG] crypto: AES-CBC decrypt: ciphertext_len=192
2026-05-15 05:32:13,193 [DEBUG] crypto: AES-CBC decrypt: plaintext_len=114
2026-05-15 05:32:13,193 [DEBUG] crypto: AES-CBC decrypt: ciphertext_len=152
2026-05-15 05:32:13,193 [DEBUG] crypto: AES-CBC decrypt: plaintext_len=88
2026-05-15 05:32:13,193 [DEBUG] crypto: AES-CBC decrypt: ciphertext_len=88
2026-05-15 05:32:13,193 [DEBUG] crypto: AES-CBC decrypt: plaintext_len=43
2026-05-15 05:32:34,110 [DEBUG] crypto: AES-CBC encrypt: plaintext_len=43
2026-05-15 05:32:34,110 [DEBUG] crypto: AES-CBC encrypt: ciphertext_len=88
2026-05-15 05:32:34,110 [DEBUG] crypto: AES-CBC encrypt: plaintext_len=88
2026-05-15 05:32:34,110 [DEBUG] crypto: AES-CBC encrypt: ciphertext_len=152
2026-05-15 05:32:34,111 [DEBUG] crypto: AES-CBC decrypt: ciphertext_len=192
2026-05-15 05:32:34,111 [DEBUG] crypto: AES-CBC decrypt: plaintext_len=114
2026-05-15 05:32:34,111 [DEBUG] crypto: AES-CBC decrypt: ciphertext_len=192
2026-05-15 05:32:34,112 [DEBUG] crypto: AES-CBC decrypt: plaintext_len=114
2026-05-15 05:37:49,025 [DEBUG] crypto: Generating salt
2026-05-15 05:37:49,026 [DEBUG] crypto: Generating master key
2026-05-15 05:37:49,026 [DEBUG] crypto: Deriving key with salt=8674201c4785df15..., memory=65536, iterations=3
2026-05-15 05:37:49,079 [DEBUG] crypto: Key derived successfully, length=32
2026-05-15 05:37:49,079 [DEBUG] crypto: AES-CBC encrypt: plaintext_len=32
2026-05-15 05:37:49,091 [DEBUG] crypto: AES-CBC encrypt: ciphertext_len=88
2026-05-15 05:37:52,795 [DEBUG] crypto: Deriving key with salt=8674201c4785df15..., memory=65536, iterations=3
2026-05-15 05:37:52,847 [DEBUG] crypto: Key derived successfully, length=32
2026-05-15 05:37:52,848 [DEBUG] crypto: AES-CBC decrypt: ciphertext_len=88
2026-05-15 05:37:52,848 [DEBUG] crypto: AES-CBC decrypt: plaintext_len=32
2026-05-15 05:38:00,998 [DEBUG] crypto: AES-CBC encrypt: plaintext_len=79
2026-05-15 05:38:00,998 [DEBUG] crypto: AES-CBC encrypt: ciphertext_len=128
2026-05-15 05:38:00,999 [DEBUG] crypto: AES-CBC decrypt: ciphertext_len=128
2026-05-15 05:38:00,999 [DEBUG] crypto: AES-CBC decrypt: plaintext_len=79
2026-05-15 05:48:59,523 [DEBUG] crypto: Deriving key with salt=e343e704c52ac665..., memory=65536, iterations=3
2026-05-15 05:48:59,575 [DEBUG] crypto: Key derived successfully, length=32
2026-05-15 05:48:59,575 [DEBUG] crypto: AES-CBC decrypt: ciphertext_len=88
2026-05-15 05:48:59,587 [DEBUG] crypto: AES-CBC decrypt: plaintext_len=32
2026-05-15 05:48:59,588 [DEBUG] crypto: AES-CBC decrypt: ciphertext_len=192
2026-05-15 05:48:59,588 [DEBUG] crypto: AES-CBC decrypt: plaintext_len=114
2026-05-15 05:48:59,589 [DEBUG] crypto: AES-CBC decrypt: ciphertext_len=192
2026-05-15 05:48:59,589 [DEBUG] crypto: AES-CBC decrypt: plaintext_len=114
2026-05-15 05:49:02,057 [DEBUG] crypto: AES-CBC decrypt: ciphertext_len=192
2026-05-15 05:49:02,057 [DEBUG] crypto: AES-CBC decrypt: plaintext_len=114
2026-05-15 05:49:02,057 [DEBUG] crypto: AES-CBC decrypt: ciphertext_len=152
2026-05-15 05:49:02,058 [DEBUG] crypto: AES-CBC decrypt: plaintext_len=88
2026-05-15 05:49:02,058 [DEBUG] crypto: AES-CBC decrypt: ciphertext_len=88
2026-05-15 05:49:02,058 [DEBUG] crypto: AES-CBC decrypt: plaintext_len=43
2026-05-15 05:51:29,086 [DEBUG] crypto: AES-CBC encrypt: plaintext_len=43
2026-05-15 05:51:29,086 [DEBUG] crypto: AES-CBC encrypt: ciphertext_len=88
2026-05-15 05:51:29,086 [DEBUG] crypto: AES-CBC encrypt: plaintext_len=88
2026-05-15 05:51:29,086 [DEBUG] crypto: AES-CBC encrypt: ciphertext_len=152
2026-05-15 05:51:29,087 [DEBUG] crypto: AES-CBC decrypt: ciphertext_len=192
2026-05-15 05:51:29,088 [DEBUG] crypto: AES-CBC decrypt: plaintext_len=114
2026-05-15 05:51:29,088 [DEBUG] crypto: AES-CBC decrypt: ciphertext_len=192
2026-05-15 05:51:29,088 [DEBUG] crypto: AES-CBC decrypt: plaintext_len=114
2026-05-15 05:51:38,506 [DEBUG] crypto: AES-CBC decrypt: ciphertext_len=192
2026-05-15 05:51:38,506 [DEBUG] crypto: AES-CBC decrypt: plaintext_len=114
2026-05-15 05:51:40,574 [DEBUG] crypto: AES-CBC decrypt: ciphertext_len=192
2026-05-15 05:51:40,574 [DEBUG] crypto: AES-CBC decrypt: plaintext_len=114
2026-05-15 05:51:40,574 [DEBUG] crypto: AES-CBC decrypt: ciphertext_len=152
2026-05-15 05:51:40,575 [DEBUG] crypto: AES-CBC decrypt: plaintext_len=88
2026-05-15 05:51:40,575 [DEBUG] crypto: AES-CBC decrypt: ciphertext_len=88
2026-05-15 05:51:40,575 [DEBUG] crypto: AES-CBC decrypt: plaintext_len=43
2026-05-15 05:51:54,572 [DEBUG] crypto: AES-CBC encrypt: plaintext_len=57
2026-05-15 05:51:54,573 [DEBUG] crypto: AES-CBC encrypt: ciphertext_len=108
2026-05-15 05:51:54,573 [DEBUG] crypto: AES-CBC encrypt: plaintext_len=108
2026-05-15 05:51:54,573 [DEBUG] crypto: AES-CBC encrypt: ciphertext_len=172
2026-05-15 05:51:54,574 [DEBUG] crypto: AES-CBC decrypt: ciphertext_len=192
2026-05-15 05:51:54,574 [DEBUG] crypto: AES-CBC decrypt: plaintext_len=114
2026-05-15 05:51:56,273 [DEBUG] crypto: AES-CBC decrypt: ciphertext_len=192
2026-05-15 05:51:56,273 [DEBUG] crypto: AES-CBC decrypt: plaintext_len=114
2026-05-15 05:51:56,273 [DEBUG] crypto: AES-CBC decrypt: ciphertext_len=172
2026-05-15 05:51:56,273 [DEBUG] crypto: AES-CBC decrypt: plaintext_len=108
2026-05-15 05:51:56,274 [DEBUG] crypto: AES-CBC decrypt: ciphertext_len=108
2026-05-15 05:51:56,274 [DEBUG] crypto: AES-CBC decrypt: plaintext_len=57
2026-05-15 05:52:11,062 [DEBUG] crypto: AES-CBC encrypt: plaintext_len=57
2026-05-15 05:52:11,063 [DEBUG] crypto: AES-CBC encrypt: ciphertext_len=108
2026-05-15 05:52:11,063 [DEBUG] crypto: AES-CBC encrypt: plaintext_len=108
2026-05-15 05:52:11,063 [DEBUG] crypto: AES-CBC encrypt: ciphertext_len=172
2026-05-15 05:52:11,064 [DEBUG] crypto: AES-CBC decrypt: ciphertext_len=192
2026-05-15 05:52:11,064 [DEBUG] crypto: AES-CBC decrypt: plaintext_len=114
2026-05-15 05:52:22,813 [DEBUG] crypto: AES-CBC encrypt: plaintext_len=79
2026-05-15 05:52:22,813 [DEBUG] crypto: AES-CBC encrypt: ciphertext_len=128
2026-05-15 05:52:22,814 [DEBUG] crypto: AES-CBC decrypt: ciphertext_len=128
2026-05-15 05:52:22,814 [DEBUG] crypto: AES-CBC decrypt: plaintext_len=79
2026-05-15 05:52:55,376 [DEBUG] crypto: AES-CBC encrypt: plaintext_len=126
2026-05-15 05:52:55,376 [DEBUG] crypto: AES-CBC encrypt: ciphertext_len=192
2026-05-15 05:52:55,377 [DEBUG] crypto: AES-CBC encrypt: plaintext_len=57
2026-05-15 05:52:55,377 [DEBUG] crypto: AES-CBC encrypt: ciphertext_len=108
2026-05-15 05:52:55,377 [DEBUG] crypto: AES-CBC encrypt: plaintext_len=108
2026-05-15 05:52:55,377 [DEBUG] crypto: AES-CBC encrypt: ciphertext_len=172
2026-05-15 05:52:55,378 [DEBUG] crypto: AES-CBC decrypt: ciphertext_len=128
2026-05-15 05:52:55,378 [DEBUG] crypto: AES-CBC decrypt: plaintext_len=79
2026-05-15 05:52:55,378 [DEBUG] crypto: AES-CBC decrypt: ciphertext_len=192
2026-05-15 05:52:55,378 [DEBUG] crypto: AES-CBC decrypt: plaintext_len=126
2026-05-15 05:52:57,630 [DEBUG] crypto: AES-CBC decrypt: ciphertext_len=192
2026-05-15 05:52:57,630 [DEBUG] crypto: AES-CBC decrypt: plaintext_len=126
2026-05-15 05:52:57,630 [DEBUG] crypto: AES-CBC decrypt: ciphertext_len=172
2026-05-15 05:52:57,630 [DEBUG] crypto: AES-CBC decrypt: plaintext_len=108
2026-05-15 05:52:57,630 [DEBUG] crypto: AES-CBC decrypt: ciphertext_len=108
2026-05-15 05:52:57,631 [DEBUG] crypto: AES-CBC decrypt: plaintext_len=57
2026-05-15 05:53:11,014 [DEBUG] crypto: AES-CBC encrypt: plaintext_len=65
2026-05-15 05:53:11,014 [DEBUG] crypto: AES-CBC encrypt: ciphertext_len=128
2026-05-15 05:53:11,014 [DEBUG] crypto: AES-CBC encrypt: plaintext_len=128
2026-05-15 05:53:11,014 [DEBUG] crypto: AES-CBC encrypt: ciphertext_len=216
2026-05-15 05:53:11,015 [DEBUG] crypto: AES-CBC decrypt: ciphertext_len=128
2026-05-15 05:53:11,015 [DEBUG] crypto: AES-CBC decrypt: plaintext_len=79
2026-05-15 05:53:11,016 [DEBUG] crypto: AES-CBC decrypt: ciphertext_len=192
2026-05-15 05:53:11,016 [DEBUG] crypto: AES-CBC decrypt: plaintext_len=126
2026-05-15 05:53:12,713 [DEBUG] crypto: AES-CBC decrypt: ciphertext_len=192
2026-05-15 05:53:12,713 [DEBUG] crypto: AES-CBC decrypt: plaintext_len=126
2026-05-15 05:53:12,714 [DEBUG] crypto: AES-CBC decrypt: ciphertext_len=216
2026-05-15 05:53:12,714 [DEBUG] crypto: AES-CBC decrypt: plaintext_len=128
2026-05-15 05:53:12,714 [DEBUG] crypto: AES-CBC decrypt: ciphertext_len=128
2026-05-15 05:53:12,714 [DEBUG] crypto: AES-CBC decrypt: plaintext_len=65
2026-05-15 05:53:31,442 [DEBUG] crypto: AES-CBC encrypt: plaintext_len=65
2026-05-15 05:53:31,443 [DEBUG] crypto: AES-CBC encrypt: ciphertext_len=128
2026-05-15 05:53:31,443 [DEBUG] crypto: AES-CBC encrypt: plaintext_len=128
2026-05-15 05:53:31,443 [DEBUG] crypto: AES-CBC encrypt: ciphertext_len=216
2026-05-15 05:53:31,444 [DEBUG] crypto: AES-CBC decrypt: ciphertext_len=128
2026-05-15 05:53:31,444 [DEBUG] crypto: AES-CBC decrypt: plaintext_len=79
2026-05-15 05:53:31,444 [DEBUG] crypto: AES-CBC decrypt: ciphertext_len=192
2026-05-15 05:53:31,445 [DEBUG] crypto: AES-CBC decrypt: plaintext_len=126
2026-05-15 05:53:33,154 [DEBUG] crypto: AES-CBC decrypt: ciphertext_len=192
2026-05-15 05:53:33,154 [DEBUG] crypto: AES-CBC decrypt: plaintext_len=126
2026-05-15 05:53:33,155 [DEBUG] crypto: AES-CBC decrypt: ciphertext_len=216
2026-05-15 05:53:33,155 [DEBUG] crypto: AES-CBC decrypt: plaintext_len=128
2026-05-15 05:53:33,155 [DEBUG] crypto: AES-CBC decrypt: ciphertext_len=128
2026-05-15 05:53:33,155 [DEBUG] crypto: AES-CBC decrypt: plaintext_len=65
2026-05-15 05:53:40,916 [DEBUG] crypto: AES-CBC encrypt: plaintext_len=65
2026-05-15 05:53:40,917 [DEBUG] crypto: AES-CBC encrypt: ciphertext_len=128
2026-05-15 05:53:40,917 [DEBUG] crypto: AES-CBC encrypt: plaintext_len=128
2026-05-15 05:53:40,917 [DEBUG] crypto: AES-CBC encrypt: ciphertext_len=216
2026-05-15 05:53:40,917 [DEBUG] crypto: AES-CBC decrypt: ciphertext_len=128
2026-05-15 05:53:40,917 [DEBUG] crypto: AES-CBC decrypt: plaintext_len=79
2026-05-15 05:53:40,918 [DEBUG] crypto: AES-CBC decrypt: ciphertext_len=192
2026-05-15 05:53:40,918 [DEBUG] crypto: AES-CBC decrypt: plaintext_len=126
2026-05-15 05:53:42,626 [DEBUG] crypto: AES-CBC decrypt: ciphertext_len=192
2026-05-15 05:53:42,626 [DEBUG] crypto: AES-CBC decrypt: plaintext_len=126
2026-05-15 05:53:42,626 [DEBUG] crypto: AES-CBC decrypt: ciphertext_len=216
2026-05-15 05:53:42,627 [DEBUG] crypto: AES-CBC decrypt: plaintext_len=128
2026-05-15 05:53:42,627 [DEBUG] crypto: AES-CBC decrypt: ciphertext_len=128
2026-05-15 05:53:42,627 [DEBUG] crypto: AES-CBC decrypt: plaintext_len=65
2026-05-15 05:53:47,633 [DEBUG] crypto: AES-CBC encrypt: plaintext_len=65
2026-05-15 05:53:47,633 [DEBUG] crypto: AES-CBC encrypt: ciphertext_len=128
2026-05-15 05:53:47,633 [DEBUG] crypto: AES-CBC encrypt: plaintext_len=128
2026-05-15 05:53:47,634 [DEBUG] crypto: AES-CBC encrypt: ciphertext_len=216
2026-05-15 05:53:47,634 [DEBUG] crypto: AES-CBC decrypt: ciphertext_len=128
2026-05-15 05:53:47,634 [DEBUG] crypto: AES-CBC decrypt: plaintext_len=79
2026-05-15 05:53:47,635 [DEBUG] crypto: AES-CBC decrypt: ciphertext_len=192
2026-05-15 05:53:47,635 [DEBUG] crypto: AES-CBC decrypt: plaintext_len=126
2026-05-15 05:53:49,179 [DEBUG] crypto: AES-CBC decrypt: ciphertext_len=192
2026-05-15 05:53:49,179 [DEBUG] crypto: AES-CBC decrypt: plaintext_len=126
2026-05-15 05:53:49,179 [DEBUG] crypto: AES-CBC decrypt: ciphertext_len=216
2026-05-15 05:53:49,179 [DEBUG] crypto: AES-CBC decrypt: plaintext_len=128
2026-05-15 05:53:49,180 [DEBUG] crypto: AES-CBC decrypt: ciphertext_len=128
2026-05-15 05:53:49,180 [DEBUG] crypto: AES-CBC decrypt: plaintext_len=65
2026-05-15 05:54:24,736 [DEBUG] crypto: Deriving key with salt=e343e704c52ac665..., memory=65536, iterations=3
2026-05-15 05:54:24,787 [DEBUG] crypto: Key derived successfully, length=32
2026-05-15 05:54:24,787 [DEBUG] crypto: AES-CBC decrypt: ciphertext_len=88
2026-05-15 05:54:24,799 [DEBUG] crypto: AES-CBC decrypt: plaintext_len=32
2026-05-15 05:54:24,799 [DEBUG] crypto: AES-CBC decrypt: ciphertext_len=128
2026-05-15 05:54:24,799 [DEBUG] crypto: AES-CBC decrypt: plaintext_len=79
2026-05-15 05:54:24,801 [DEBUG] crypto: AES-CBC decrypt: ciphertext_len=192
2026-05-15 05:54:24,801 [DEBUG] crypto: AES-CBC decrypt: plaintext_len=126
2026-05-15 05:54:27,210 [DEBUG] crypto: AES-CBC decrypt: ciphertext_len=192
2026-05-15 05:54:27,210 [DEBUG] crypto: AES-CBC decrypt: plaintext_len=126
2026-05-15 05:54:27,211 [DEBUG] crypto: AES-CBC decrypt: ciphertext_len=216
2026-05-15 05:54:27,211 [DEBUG] crypto: AES-CBC decrypt: plaintext_len=128
2026-05-15 05:54:27,211 [DEBUG] crypto: AES-CBC decrypt: ciphertext_len=128
2026-05-15 05:54:27,211 [DEBUG] crypto: AES-CBC decrypt: plaintext_len=65
2026-05-15 05:54:34,113 [DEBUG] crypto: AES-CBC decrypt: ciphertext_len=192
2026-05-15 05:54:34,113 [DEBUG] crypto: AES-CBC decrypt: plaintext_len=126
2026-05-15 05:54:36,901 [DEBUG] crypto: AES-CBC decrypt: ciphertext_len=192
2026-05-15 05:54:36,901 [DEBUG] crypto: AES-CBC decrypt: plaintext_len=126
2026-05-15 05:54:38,001 [DEBUG] crypto: AES-CBC decrypt: ciphertext_len=192
2026-05-15 05:54:38,001 [DEBUG] crypto: AES-CBC decrypt: plaintext_len=126
2026-05-15 05:54:44,171 [DEBUG] crypto: AES-CBC decrypt: ciphertext_len=128
2026-05-15 05:54:44,171 [DEBUG] crypto: AES-CBC decrypt: plaintext_len=79
2026-05-15 05:54:44,171 [DEBUG] crypto: AES-CBC decrypt: ciphertext_len=192
2026-05-15 05:54:44,172 [DEBUG] crypto: AES-CBC decrypt: plaintext_len=126
2026-05-15 05:54:46,035 [DEBUG] crypto: AES-CBC decrypt: ciphertext_len=128
2026-05-15 05:54:46,035 [DEBUG] crypto: AES-CBC decrypt: plaintext_len=79
2026-05-15 05:54:46,035 [DEBUG] crypto: AES-CBC decrypt: ciphertext_len=192
2026-05-15 05:54:46,036 [DEBUG] crypto: AES-CBC decrypt: plaintext_len=126
2026-05-15 05:54:47,579 [DEBUG] crypto: AES-CBC decrypt: ciphertext_len=128
2026-05-15 05:54:47,579 [DEBUG] crypto: AES-CBC decrypt: plaintext_len=79
2026-05-15 05:54:47,580 [DEBUG] crypto: AES-CBC decrypt: ciphertext_len=192
2026-05-15 05:54:47,580 [DEBUG] crypto: AES-CBC decrypt: plaintext_len=126
2026-05-15 05:54:47,939 [DEBUG] crypto: AES-CBC decrypt: ciphertext_len=128
2026-05-15 05:54:47,939 [DEBUG] crypto: AES-CBC decrypt: plaintext_len=79
2026-05-15 05:54:47,939 [DEBUG] crypto: AES-CBC decrypt: ciphertext_len=192
2026-05-15 05:54:47,939 [DEBUG] crypto: AES-CBC decrypt: plaintext_len=126
2026-05-15 05:54:49,259 [DEBUG] crypto: AES-CBC decrypt: ciphertext_len=128
2026-05-15 05:54:49,259 [DEBUG] crypto: AES-CBC decrypt: plaintext_len=79
2026-05-15 05:54:49,259 [DEBUG] crypto: AES-CBC decrypt: ciphertext_len=192
2026-05-15 05:54:49,260 [DEBUG] crypto: AES-CBC decrypt: plaintext_len=126
2026-05-15 05:54:49,539 [DEBUG] crypto: AES-CBC decrypt: ciphertext_len=128
2026-05-15 05:54:49,539 [DEBUG] crypto: AES-CBC decrypt: plaintext_len=79
2026-05-15 05:54:49,539 [DEBUG] crypto: AES-CBC decrypt: ciphertext_len=192
2026-05-15 05:54:49,539 [DEBUG] crypto: AES-CBC decrypt: plaintext_len=126
2026-05-15 05:54:49,947 [DEBUG] crypto: AES-CBC decrypt: ciphertext_len=128
2026-05-15 05:54:49,947 [DEBUG] crypto: AES-CBC decrypt: plaintext_len=79
2026-05-15 05:54:49,947 [DEBUG] crypto: AES-CBC decrypt: ciphertext_len=192
2026-05-15 05:54:49,947 [DEBUG] crypto: AES-CBC decrypt: plaintext_len=126
2026-05-15 05:54:50,122 [DEBUG] crypto: AES-CBC decrypt: ciphertext_len=128
2026-05-15 05:54:50,122 [DEBUG] crypto: AES-CBC decrypt: plaintext_len=79
2026-05-15 05:54:50,123 [DEBUG] crypto: AES-CBC decrypt: ciphertext_len=192
2026-05-15 05:54:50,123 [DEBUG] crypto: AES-CBC decrypt: plaintext_len=126
2026-05-15 05:54:51,259 [DEBUG] crypto: AES-CBC decrypt: ciphertext_len=128
2026-05-15 05:54:51,259 [DEBUG] crypto: AES-CBC decrypt: plaintext_len=79
2026-05-15 05:54:51,260 [DEBUG] crypto: AES-CBC decrypt: ciphertext_len=192
2026-05-15 05:54:51,260 [DEBUG] crypto: AES-CBC decrypt: plaintext_len=126
2026-05-15 05:54:51,411 [DEBUG] crypto: AES-CBC decrypt: ciphertext_len=128
2026-05-15 05:54:51,411 [DEBUG] crypto: AES-CBC decrypt: plaintext_len=79
2026-05-15 05:54:51,411 [DEBUG] crypto: AES-CBC decrypt: ciphertext_len=192
2026-05-15 05:54:51,411 [DEBUG] crypto: AES-CBC decrypt: plaintext_len=126
2026-05-15 05:54:52,363 [DEBUG] crypto: AES-CBC decrypt: ciphertext_len=128
2026-05-15 05:54:52,363 [DEBUG] crypto: AES-CBC decrypt: plaintext_len=79
2026-05-15 05:54:52,363 [DEBUG] crypto: AES-CBC decrypt: ciphertext_len=192
2026-05-15 05:54:52,364 [DEBUG] crypto: AES-CBC decrypt: plaintext_len=126
2026-05-15 05:54:52,570 [DEBUG] crypto: AES-CBC decrypt: ciphertext_len=128
2026-05-15 05:54:52,571 [DEBUG] crypto: AES-CBC decrypt: plaintext_len=79
2026-05-15 05:54:52,571 [DEBUG] crypto: AES-CBC decrypt: ciphertext_len=192
2026-05-15 05:54:52,571 [DEBUG] crypto: AES-CBC decrypt: plaintext_len=126
2026-05-15 05:54:57,093 [DEBUG] crypto: AES-CBC decrypt: ciphertext_len=192
2026-05-15 05:54:57,094 [DEBUG] crypto: AES-CBC decrypt: plaintext_len=126
2026-05-15 05:54:58,118 [DEBUG] crypto: AES-CBC decrypt: ciphertext_len=192
2026-05-15 05:54:58,119 [DEBUG] crypto: AES-CBC decrypt: plaintext_len=126
2026-05-15 05:54:58,634 [DEBUG] crypto: AES-CBC decrypt: ciphertext_len=192
2026-05-15 05:54:58,635 [DEBUG] crypto: AES-CBC decrypt: plaintext_len=126
2026-05-15 05:54:59,084 [DEBUG] crypto: AES-CBC decrypt: ciphertext_len=192
2026-05-15 05:54:59,084 [DEBUG] crypto: AES-CBC decrypt: plaintext_len=126
2026-05-15 05:55:09,471 [DEBUG] crypto: AES-CBC decrypt: ciphertext_len=192
2026-05-15 05:55:09,471 [DEBUG] crypto: AES-CBC decrypt: plaintext_len=126
2026-05-15 05:55:11,388 [DEBUG] crypto: AES-CBC decrypt: ciphertext_len=192
2026-05-15 05:55:11,388 [DEBUG] crypto: AES-CBC decrypt: plaintext_len=126
2026-05-15 05:55:15,436 [DEBUG] crypto: AES-CBC decrypt: ciphertext_len=192
2026-05-15 05:55:15,436 [DEBUG] crypto: AES-CBC decrypt: plaintext_len=126
2026-05-15 05:55:16,212 [DEBUG] crypto: AES-CBC decrypt: ciphertext_len=192
2026-05-15 05:55:16,212 [DEBUG] crypto: AES-CBC decrypt: plaintext_len=126
2026-05-15 05:55:16,718 [DEBUG] crypto: AES-CBC decrypt: ciphertext_len=192
2026-05-15 05:55:16,718 [DEBUG] crypto: AES-CBC decrypt: plaintext_len=126
2026-05-15 05:55:24,437 [DEBUG] crypto: AES-CBC decrypt: ciphertext_len=192
2026-05-15 05:55:24,437 [DEBUG] crypto: AES-CBC decrypt: plaintext_len=126
2026-05-15 05:55:26,066 [DEBUG] crypto: AES-CBC decrypt: ciphertext_len=192
2026-05-15 05:55:26,066 [DEBUG] crypto: AES-CBC decrypt: plaintext_len=126
2026-05-15 05:55:26,067 [DEBUG] crypto: AES-CBC decrypt: ciphertext_len=216
2026-05-15 05:55:26,067 [DEBUG] crypto: AES-CBC decrypt: plaintext_len=128
2026-05-15 05:55:26,067 [DEBUG] crypto: AES-CBC decrypt: ciphertext_len=128
2026-05-15 05:55:26,067 [DEBUG] crypto: AES-CBC decrypt: plaintext_len=65
2026-05-15 06:32:21,853 [DEBUG] crypto: Deriving key with salt=e343e704c52ac665..., memory=65536, iterations=3
2026-05-15 06:32:21,904 [DEBUG] crypto: Key derived successfully, length=32
2026-05-15 06:32:21,905 [DEBUG] crypto: AES-CBC decrypt: ciphertext_len=88
2026-05-15 06:32:21,916 [DEBUG] crypto: AES-CBC decrypt: plaintext_len=32
2026-05-15 06:32:21,917 [DEBUG] crypto: AES-CBC decrypt: ciphertext_len=128
2026-05-15 06:32:21,917 [DEBUG] crypto: AES-CBC decrypt: plaintext_len=79
2026-05-15 06:32:21,918 [DEBUG] crypto: AES-CBC decrypt: ciphertext_len=192
2026-05-15 06:32:21,919 [DEBUG] crypto: AES-CBC decrypt: plaintext_len=126
2026-05-15 06:32:29,636 [DEBUG] crypto: AES-CBC decrypt: ciphertext_len=192
2026-05-15 06:32:29,636 [DEBUG] crypto: AES-CBC decrypt: plaintext_len=126
2026-05-15 06:32:29,637 [DEBUG] crypto: AES-CBC decrypt: ciphertext_len=216
2026-05-15 06:32:29,637 [DEBUG] crypto: AES-CBC decrypt: plaintext_len=128
2026-05-15 06:32:29,637 [DEBUG] crypto: AES-CBC decrypt: ciphertext_len=128
2026-05-15 06:32:29,637 [DEBUG] crypto: AES-CBC decrypt: plaintext_len=65
2026-05-15 06:32:35,482 [DEBUG] crypto: AES-CBC decrypt: ciphertext_len=192
2026-05-15 06:32:35,482 [DEBUG] crypto: AES-CBC decrypt: plaintext_len=126
2026-05-15 06:32:35,482 [DEBUG] crypto: AES-CBC encrypt: plaintext_len=133
2026-05-15 06:32:35,482 [DEBUG] crypto: AES-CBC encrypt: ciphertext_len=216
2026-05-15 06:32:35,482 [DEBUG] crypto: AES-CBC encrypt: plaintext_len=101
2026-05-15 06:32:35,483 [DEBUG] crypto: AES-CBC encrypt: ciphertext_len=172
2026-05-15 06:32:35,483 [DEBUG] crypto: AES-CBC encrypt: plaintext_len=172
2026-05-15 06:32:35,483 [DEBUG] crypto: AES-CBC encrypt: ciphertext_len=256
2026-05-15 06:32:35,483 [DEBUG] crypto: AES-CBC decrypt: ciphertext_len=128
2026-05-15 06:32:35,484 [DEBUG] crypto: AES-CBC decrypt: plaintext_len=79
2026-05-15 06:32:35,484 [DEBUG] crypto: AES-CBC decrypt: ciphertext_len=216
2026-05-15 06:32:35,484 [DEBUG] crypto: AES-CBC decrypt: plaintext_len=133
2026-05-15 06:32:41,683 [DEBUG] crypto: AES-CBC decrypt: ciphertext_len=216
2026-05-15 06:32:41,684 [DEBUG] crypto: AES-CBC decrypt: plaintext_len=133
2026-05-15 06:32:41,684 [DEBUG] crypto: AES-CBC decrypt: ciphertext_len=256
2026-05-15 06:32:41,684 [DEBUG] crypto: AES-CBC decrypt: plaintext_len=172
2026-05-15 06:32:41,684 [DEBUG] crypto: AES-CBC decrypt: ciphertext_len=172
2026-05-15 06:32:41,684 [DEBUG] crypto: AES-CBC decrypt: plaintext_len=101
2026-05-15 06:33:21,911 [DEBUG] crypto: AES-CBC decrypt: ciphertext_len=216
2026-05-15 06:33:21,911 [DEBUG] crypto: AES-CBC decrypt: plaintext_len=133
2026-05-15 06:33:21,911 [DEBUG] crypto: AES-CBC decrypt: ciphertext_len=256
2026-05-15 06:33:21,912 [DEBUG] crypto: AES-CBC decrypt: plaintext_len=172
2026-05-15 06:33:21,912 [DEBUG] crypto: AES-CBC decrypt: ciphertext_len=172
2026-05-15 06:33:21,912 [DEBUG] crypto: AES-CBC decrypt: plaintext_len=101
2026-05-15 06:33:52,231 [DEBUG] crypto: Deriving key with salt=e343e704c52ac665..., memory=65536, iterations=3
2026-05-15 06:33:52,282 [DEBUG] crypto: Key derived successfully, length=32
2026-05-15 06:33:52,282 [DEBUG] crypto: AES-CBC decrypt: ciphertext_len=88
2026-05-15 06:33:52,293 [DEBUG] crypto: AES-CBC decrypt: plaintext_len=32
2026-05-15 06:33:52,294 [DEBUG] crypto: AES-CBC decrypt: ciphertext_len=128
2026-05-15 06:33:52,294 [DEBUG] crypto: AES-CBC decrypt: plaintext_len=79
2026-05-15 06:33:52,295 [DEBUG] crypto: AES-CBC decrypt: ciphertext_len=216
2026-05-15 06:33:52,295 [DEBUG] crypto: AES-CBC decrypt: plaintext_len=133
2026-05-15 06:33:53,789 [DEBUG] crypto: AES-CBC decrypt: ciphertext_len=216
2026-05-15 06:33:53,789 [DEBUG] crypto: AES-CBC decrypt: plaintext_len=133
2026-05-15 06:33:53,790 [DEBUG] crypto: AES-CBC decrypt: ciphertext_len=256
2026-05-15 06:33:53,790 [DEBUG] crypto: AES-CBC decrypt: plaintext_len=172
2026-05-15 06:33:53,790 [DEBUG] crypto: AES-CBC decrypt: ciphertext_len=172
2026-05-15 06:33:53,790 [DEBUG] crypto: AES-CBC decrypt: plaintext_len=101
2026-05-15 06:39:27,742 [DEBUG] crypto: Deriving key with salt=e343e704c52ac665..., memory=65536, iterations=3
2026-05-15 06:39:27,794 [DEBUG] crypto: Key derived successfully, length=32
2026-05-15 06:39:27,794 [DEBUG] crypto: AES-CBC decrypt: ciphertext_len=88
2026-05-15 06:39:27,805 [DEBUG] crypto: AES-CBC decrypt: plaintext_len=32
2026-05-15 06:39:27,806 [DEBUG] crypto: AES-CBC decrypt: ciphertext_len=128
2026-05-15 06:39:27,806 [DEBUG] crypto: AES-CBC decrypt: plaintext_len=79
2026-05-15 06:39:27,807 [DEBUG] crypto: AES-CBC decrypt: ciphertext_len=216
2026-05-15 06:39:27,808 [DEBUG] crypto: AES-CBC decrypt: plaintext_len=133
2026-05-15 06:39:38,029 [DEBUG] crypto: AES-CBC decrypt: ciphertext_len=128
2026-05-15 06:39:38,029 [DEBUG] crypto: AES-CBC decrypt: plaintext_len=79
2026-05-15 06:41:57,258 [DEBUG] crypto: Deriving key with salt=e343e704c52ac665..., memory=65536, iterations=3
2026-05-15 06:41:57,310 [DEBUG] crypto: Key derived successfully, length=32
2026-05-15 06:41:57,310 [DEBUG] crypto: AES-CBC decrypt: ciphertext_len=88
2026-05-15 06:42:03,321 [DEBUG] crypto: Deriving key with salt=e343e704c52ac665..., memory=65536, iterations=3
2026-05-15 06:42:03,371 [DEBUG] crypto: Key derived successfully, length=32
2026-05-15 06:42:03,371 [DEBUG] crypto: AES-CBC decrypt: ciphertext_len=88
2026-05-15 06:42:03,371 [DEBUG] crypto: AES-CBC decrypt: plaintext_len=32
2026-05-15 06:42:03,372 [DEBUG] crypto: AES-CBC decrypt: ciphertext_len=128
2026-05-15 06:42:03,372 [DEBUG] crypto: AES-CBC decrypt: plaintext_len=79
2026-05-15 06:42:10,607 [DEBUG] crypto: AES-CBC decrypt: ciphertext_len=128
2026-05-15 06:42:10,608 [DEBUG] crypto: AES-CBC decrypt: plaintext_len=79
2026-05-15 06:42:12,439 [DEBUG] crypto: AES-CBC decrypt: ciphertext_len=128
2026-05-15 06:42:12,440 [DEBUG] crypto: AES-CBC decrypt: plaintext_len=79
2026-05-15 06:42:12,440 [DEBUG] crypto: AES-CBC encrypt: plaintext_len=80
2026-05-15 06:42:12,440 [DEBUG] crypto: AES-CBC encrypt: ciphertext_len=152
2026-05-15 06:42:12,441 [DEBUG] crypto: AES-CBC decrypt: ciphertext_len=152
2026-05-15 06:42:12,441 [DEBUG] crypto: AES-CBC decrypt: plaintext_len=80
2026-05-15 06:42:14,419 [DEBUG] crypto: AES-CBC decrypt: ciphertext_len=152
2026-05-15 06:42:14,420 [DEBUG] crypto: AES-CBC decrypt: plaintext_len=80
2026-05-15 06:44:33,865 [DEBUG] crypto: Deriving key with salt=e343e704c52ac665..., memory=65536, iterations=3
2026-05-15 06:44:33,915 [DEBUG] crypto: Key derived successfully, length=32
2026-05-15 06:44:33,915 [DEBUG] crypto: AES-CBC decrypt: ciphertext_len=88
2026-05-15 06:44:33,916 [DEBUG] crypto: AES-CBC decrypt: plaintext_len=32
2026-05-15 06:50:19,618 [DEBUG] crypto: Generating salt
2026-05-15 06:50:19,619 [DEBUG] crypto: Generating master key
2026-05-15 06:50:19,619 [DEBUG] crypto: Deriving key with salt=d0a11374240befe9..., memory=65536, iterations=3
2026-05-15 06:50:19,671 [DEBUG] crypto: Key derived successfully, length=32
2026-05-15 06:50:19,671 [DEBUG] crypto: AES-CBC encrypt: plaintext_len=32
2026-05-15 06:50:19,702 [DEBUG] crypto: AES-CBC encrypt: ciphertext_len=88
