2026-05-15 10:11:47,886 [DEBUG] crypto: Deriving key with salt=a40680831a818be2..., memory=65536, iterations=3
2026-05-15 10:11:47,937 [DEBUG] crypto: Key derived successfully, length=32
2026-05-15 10:11:47,937 [DEBUG] crypto: AES-CBC decrypt: ciphertext_len=108
2026-05-15 10:11:47,949 [DEBUG] crypto: AES-CBC decrypt: plaintext_len=49
2026-05-15 10:11:47,951 [DEBUG] crypto: AES-CBC decrypt: ciphertext_len=152
2026-05-15 10:11:47,952 [DEBUG] crypto: AES-CBC decrypt: plaintext_len=80
2026-05-15 10:11:47,952 [DEBUG] crypto: AES-CBC decrypt: ciphertext_len=128
2026-05-15 10:11:47,952 [DEBUG] crypto: AES-CBC decrypt: plaintext_len=79
2026-05-15 10:11:47,953 [DEBUG] crypto: AES-CBC decrypt: ciphertext_len=216
2026-05-15 10:11:47,953 [DEBUG] crypto: AES-CBC decrypt: plaintext_len=139
2026-05-15 10:11:52,063 [DEBUG] crypto: AES-CBC decrypt: ciphertext_len=216
2026-05-15 10:11:52,063 [DEBUG] crypto: AES-CBC decrypt: plaintext_len=139
2026-05-15 10:11:52,778 [DEBUG] crypto: AES-CBC decrypt: ciphertext_len=216
2026-05-15 10:11:52,778 [DEBUG] crypto: AES-CBC decrypt: plaintext_len=139
2026-05-15 10:11:53,762 [DEBUG] crypto: AES-CBC decrypt: ciphertext_len=216
2026-05-15 10:11:53,762 [DEBUG] crypto: AES-CBC decrypt: plaintext_len=139
2026-05-15 10:11:54,648 [DEBUG] crypto: AES-CBC decrypt: ciphertext_len=216
2026-05-15 10:11:54,648 [DEBUG] crypto: AES-CBC decrypt: plaintext_len=139
2026-05-15 10:11:54,649 [DEBUG] crypto: AES-CBC decrypt: ciphertext_len=3544
2026-05-15 10:11:54,649 [DEBUG] crypto: AES-CBC decrypt: plaintext_len=2624
2026-05-15 10:11:54,649 [DEBUG] crypto: AES-CBC decrypt: ciphertext_len=2624
2026-05-15 10:11:54,649 [DEBUG] crypto: AES-CBC decrypt: plaintext_len=1942
2026-05-15 10:12:48,881 [DEBUG] crypto: Deriving key with salt=a40680831a818be2..., memory=65536, iterations=3
2026-05-15 10:12:48,934 [DEBUG] crypto: Key derived successfully, length=32
2026-05-15 10:12:48,934 [DEBUG] crypto: AES-CBC decrypt: ciphertext_len=108
2026-05-15 11:22:51,758 [DEBUG] crypto: Deriving key with salt=a40680831a818be2..., memory=65536, iterations=3
2026-05-15 11:22:51,811 [DEBUG] crypto: Key derived successfully, length=32
2026-05-15 11:22:51,811 [DEBUG] crypto: AES-CBC decrypt: ciphertext_len=108
2026-05-15 11:22:51,828 [DEBUG] crypto: AES-CBC decrypt: plaintext_len=49
2026-05-15 11:22:51,832 [DEBUG] crypto: AES-CBC decrypt: ciphertext_len=152
2026-05-15 11:22:51,832 [DEBUG] crypto: AES-CBC decrypt: plaintext_len=80
2026-05-15 11:22:51,834 [DEBUG] crypto: AES-CBC decrypt: ciphertext_len=128
2026-05-15 11:22:51,834 [DEBUG] crypto: AES-CBC decrypt: plaintext_len=79
2026-05-15 11:22:51,836 [DEBUG] crypto: AES-CBC decrypt: ciphertext_len=216
2026-05-15 11:22:51,836 [DEBUG] crypto: AES-CBC decrypt: plaintext_len=139
2026-05-15 11:23:14,201 [DEBUG] crypto: AES-CBC decrypt: ciphertext_len=216
2026-05-15 11:23:14,202 [DEBUG] crypto: AES-CBC decrypt: plaintext_len=139
2026-05-15 11:23:25,040 [DEBUG] crypto: AES-CBC decrypt: ciphertext_len=216
2026-05-15 11:23:25,040 [DEBUG] crypto: AES-CBC decrypt: plaintext_len=139
2026-05-15 11:23:25,464 [DEBUG] crypto: AES-CBC decrypt: ciphertext_len=216
2026-05-15 11:23:25,464 [DEBUG] crypto: AES-CBC decrypt: plaintext_len=139
2026-05-15 11:23:52,832 [DEBUG] crypto: AES-CBC decrypt: ciphertext_len=216
2026-05-15 11:23:52,832 [DEBUG] crypto: AES-CBC decrypt: plaintext_len=139
2026-05-15 11:23:53,088 [DEBUG] crypto: AES-CBC decrypt: ciphertext_len=152
2026-05-15 11:23:53,088 [DEBUG] crypto: AES-CBC decrypt: plaintext_len=80
2026-05-15 11:23:56,198 [DEBUG] crypto: AES-CBC decrypt: ciphertext_len=216
2026-05-15 11:23:56,198 [DEBUG] crypto: AES-CBC decrypt: plaintext_len=139
2026-05-15 11:23:57,168 [DEBUG] crypto: AES-CBC decrypt: ciphertext_len=216
2026-05-15 11:23:57,168 [DEBUG] crypto: AES-CBC decrypt: plaintext_len=139
2026-05-15 11:23:58,888 [DEBUG] crypto: AES-CBC decrypt: ciphertext_len=216
2026-05-15 11:23:58,889 [DEBUG] crypto: AES-CBC decrypt: plaintext_len=139
2026-05-15 11:23:58,891 [DEBUG] crypto: AES-CBC decrypt: ciphertext_len=3544
2026-05-15 11:23:58,891 [DEBUG] crypto: AES-CBC decrypt: plaintext_len=2624
2026-05-15 11:23:58,891 [DEBUG] crypto: AES-CBC decrypt: ciphertext_len=2624
2026-05-15 11:23:58,891 [DEBUG] crypto: AES-CBC decrypt: plaintext_len=1942
2026-05-15 11:27:16,900 [DEBUG] crypto: Deriving key with salt=a40680831a818be2..., memory=65536, iterations=3
2026-05-15 11:27:16,954 [DEBUG] crypto: Key derived successfully, length=32
2026-05-15 11:27:16,954 [DEBUG] crypto: AES-CBC decrypt: ciphertext_len=108
2026-05-15 11:27:16,966 [DEBUG] crypto: AES-CBC decrypt: plaintext_len=49
2026-05-15 11:27:16,968 [DEBUG] crypto: AES-CBC decrypt: ciphertext_len=152
2026-05-15 11:27:16,968 [DEBUG] crypto: AES-CBC decrypt: plaintext_len=80
2026-05-15 11:27:16,969 [DEBUG] crypto: AES-CBC decrypt: ciphertext_len=128
2026-05-15 11:27:16,969 [DEBUG] crypto: AES-CBC decrypt: plaintext_len=79
2026-05-15 11:27:16,970 [DEBUG] crypto: AES-CBC decrypt: ciphertext_len=216
2026-05-15 11:27:16,970 [DEBUG] crypto: AES-CBC decrypt: plaintext_len=139
2026-05-15 11:29:07,887 [DEBUG] crypto: AES-CBC decrypt: ciphertext_len=216
2026-05-15 11:29:07,887 [DEBUG] crypto: AES-CBC decrypt: plaintext_len=139
2026-05-15 11:29:09,016 [DEBUG] crypto: AES-CBC decrypt: ciphertext_len=216
2026-05-15 11:29:09,016 [DEBUG] crypto: AES-CBC decrypt: plaintext_len=139
2026-05-15 11:29:10,368 [DEBUG] crypto: AES-CBC decrypt: ciphertext_len=216
2026-05-15 11:29:10,368 [DEBUG] crypto: AES-CBC decrypt: plaintext_len=139
2026-05-15 11:29:11,027 [DEBUG] crypto: AES-CBC decrypt: ciphertext_len=216
2026-05-15 11:29:11,027 [DEBUG] crypto: AES-CBC decrypt: plaintext_len=139
2026-05-15 11:29:11,720 [DEBUG] crypto: AES-CBC decrypt: ciphertext_len=216
2026-05-15 11:29:11,720 [DEBUG] crypto: AES-CBC decrypt: plaintext_len=139
2026-05-15 11:34:09,836 [DEBUG] crypto: Deriving key with salt=a40680831a818be2..., memory=65536, iterations=3
2026-05-15 11:34:09,890 [DEBUG] crypto: Key derived successfully, length=32
2026-05-15 11:34:09,890 [DEBUG] crypto: AES-CBC decrypt: ciphertext_len=108
2026-05-15 11:34:09,902 [DEBUG] crypto: AES-CBC decrypt: plaintext_len=49
2026-05-15 11:34:09,904 [DEBUG] crypto: AES-CBC decrypt: ciphertext_len=152
2026-05-15 11:34:09,904 [DEBUG] crypto: AES-CBC decrypt: plaintext_len=80
2026-05-15 11:34:09,904 [DEBUG] crypto: AES-CBC decrypt: ciphertext_len=128
2026-05-15 11:34:09,904 [DEBUG] crypto: AES-CBC decrypt: plaintext_len=79
2026-05-15 11:34:09,906 [DEBUG] crypto: AES-CBC decrypt: ciphertext_len=216
2026-05-15 11:34:09,906 [DEBUG] crypto: AES-CBC decrypt: plaintext_len=139
2026-05-15 11:34:30,243 [DEBUG] crypto: AES-CBC decrypt: ciphertext_len=216
2026-05-15 11:34:30,243 [DEBUG] crypto: AES-CBC decrypt: plaintext_len=139
2026-05-15 11:34:30,243 [DEBUG] crypto: AES-CBC decrypt: ciphertext_len=3544
2026-05-15 11:34:30,243 [DEBUG] crypto: AES-CBC decrypt: plaintext_len=2624
2026-05-15 11:34:30,243 [DEBUG] crypto: AES-CBC decrypt: ciphertext_len=2624
2026-05-15 11:34:30,243 [DEBUG] crypto: AES-CBC decrypt: plaintext_len=1942
2026-05-15 11:34:32,541 [DEBUG] crypto: AES-CBC decrypt: ciphertext_len=216
2026-05-15 11:34:32,541 [DEBUG] crypto: AES-CBC decrypt: plaintext_len=139
2026-05-15 11:34:32,542 [DEBUG] crypto: AES-CBC decrypt: ciphertext_len=3544
2026-05-15 11:34:32,542 [DEBUG] crypto: AES-CBC decrypt: plaintext_len=2624
2026-05-15 11:34:32,542 [DEBUG] crypto: AES-CBC decrypt: ciphertext_len=2624
2026-05-15 11:34:32,542 [DEBUG] crypto: AES-CBC decrypt: plaintext_len=1942
2026-05-15 11:35:20,416 [DEBUG] crypto: AES-CBC decrypt: ciphertext_len=216
2026-05-15 11:35:20,416 [DEBUG] crypto: AES-CBC decrypt: plaintext_len=139
2026-05-15 11:35:20,417 [DEBUG] crypto: AES-CBC decrypt: ciphertext_len=3544
2026-05-15 11:35:20,417 [DEBUG] crypto: AES-CBC decrypt: plaintext_len=2624
2026-05-15 11:35:20,417 [DEBUG] crypto: AES-CBC decrypt: ciphertext_len=2624
2026-05-15 11:35:20,417 [DEBUG] crypto: AES-CBC decrypt: plaintext_len=1942
2026-05-15 11:38:34,039 [DEBUG] crypto: Deriving key with salt=a40680831a818be2..., memory=65536, iterations=3
2026-05-15 11:38:34,092 [DEBUG] crypto: Key derived successfully, length=32
2026-05-15 11:38:34,093 [DEBUG] crypto: AES-CBC decrypt: ciphertext_len=108
2026-05-15 11:38:34,104 [DEBUG] crypto: AES-CBC decrypt: plaintext_len=49
2026-05-15 11:38:34,106 [DEBUG] crypto: AES-CBC decrypt: ciphertext_len=152
2026-05-15 11:38:34,106 [DEBUG] crypto: AES-CBC decrypt: plaintext_len=80
2026-05-15 11:38:34,106 [DEBUG] crypto: AES-CBC decrypt: ciphertext_len=128
2026-05-15 11:38:34,106 [DEBUG] crypto: AES-CBC decrypt: plaintext_len=79
2026-05-15 11:38:34,108 [DEBUG] crypto: AES-CBC decrypt: ciphertext_len=216
2026-05-15 11:38:34,108 [DEBUG] crypto: AES-CBC decrypt: plaintext_len=139
2026-05-15 11:41:15,870 [DEBUG] crypto: Deriving key with salt=a40680831a818be2..., memory=65536, iterations=3
2026-05-15 11:41:15,924 [DEBUG] crypto: Key derived successfully, length=32
2026-05-15 11:41:15,924 [DEBUG] crypto: AES-CBC decrypt: ciphertext_len=108
2026-05-15 11:41:22,898 [DEBUG] crypto: Deriving key with salt=a40680831a818be2..., memory=65536, iterations=3
2026-05-15 11:41:22,949 [DEBUG] crypto: Key derived successfully, length=32
2026-05-15 11:41:22,950 [DEBUG] crypto: AES-CBC decrypt: ciphertext_len=108
2026-05-15 11:41:22,950 [DEBUG] crypto: AES-CBC decrypt: plaintext_len=49
2026-05-15 11:41:22,952 [DEBUG] crypto: AES-CBC decrypt: ciphertext_len=152
2026-05-15 11:41:22,952 [DEBUG] crypto: AES-CBC decrypt: plaintext_len=80
2026-05-15 11:41:22,953 [DEBUG] crypto: AES-CBC decrypt: ciphertext_len=128
2026-05-15 11:41:22,953 [DEBUG] crypto: AES-CBC decrypt: plaintext_len=79
2026-05-15 11:41:22,954 [DEBUG] crypto: AES-CBC decrypt: ciphertext_len=216
2026-05-15 11:41:22,954 [DEBUG] crypto: AES-CBC decrypt: plaintext_len=139
2026-05-15 11:43:36,408 [DEBUG] crypto: Deriving key with salt=a40680831a818be2..., memory=65536, iterations=3
2026-05-15 11:43:36,460 [DEBUG] crypto: Key derived successfully, length=32
2026-05-15 11:43:36,461 [DEBUG] crypto: AES-CBC decrypt: ciphertext_len=108
2026-05-15 11:43:36,472 [DEBUG] crypto: AES-CBC decrypt: plaintext_len=49
2026-05-15 11:43:36,474 [DEBUG] crypto: AES-CBC decrypt: ciphertext_len=152
2026-05-15 11:43:36,474 [DEBUG] crypto: AES-CBC decrypt: plaintext_len=80
2026-05-15 11:43:36,474 [DEBUG] crypto: AES-CBC decrypt: ciphertext_len=128
2026-05-15 11:43:36,474 [DEBUG] crypto: AES-CBC decrypt: plaintext_len=79
2026-05-15 11:43:36,476 [DEBUG] crypto: AES-CBC decrypt: ciphertext_len=216
2026-05-15 11:43:36,476 [DEBUG] crypto: AES-CBC decrypt: plaintext_len=139
2026-05-15 11:45:43,034 [DEBUG] crypto: Deriving key with salt=a40680831a818be2..., memory=65536, iterations=3
2026-05-15 11:45:43,086 [DEBUG] crypto: Key derived successfully, length=32
2026-05-15 11:45:43,086 [DEBUG] crypto: AES-CBC decrypt: ciphertext_len=108
2026-05-15 11:45:43,097 [DEBUG] crypto: AES-CBC decrypt: plaintext_len=49
2026-05-15 11:45:43,100 [DEBUG] crypto: AES-CBC decrypt: ciphertext_len=152
2026-05-15 11:45:43,100 [DEBUG] crypto: AES-CBC decrypt: plaintext_len=80
2026-05-15 11:45:43,100 [DEBUG] crypto: AES-CBC decrypt: ciphertext_len=128
2026-05-15 11:45:43,100 [DEBUG] crypto: AES-CBC decrypt: plaintext_len=79
2026-05-15 11:45:43,102 [DEBUG] crypto: AES-CBC decrypt: ciphertext_len=216
2026-05-15 11:45:43,102 [DEBUG] crypto: AES-CBC decrypt: plaintext_len=139
2026-05-15 11:47:29,654 [DEBUG] crypto: Deriving key with salt=a40680831a818be2..., memory=65536, iterations=3
2026-05-15 11:47:29,707 [DEBUG] crypto: Key derived successfully, length=32
2026-05-15 11:47:29,707 [DEBUG] crypto: AES-CBC decrypt: ciphertext_len=108
2026-05-15 11:47:29,718 [DEBUG] crypto: AES-CBC decrypt: plaintext_len=49
2026-05-15 11:47:29,720 [DEBUG] crypto: AES-CBC decrypt: ciphertext_len=152
2026-05-15 11:47:29,721 [DEBUG] crypto: AES-CBC decrypt: plaintext_len=80
2026-05-15 11:47:29,721 [DEBUG] crypto: AES-CBC decrypt: ciphertext_len=128
2026-05-15 11:47:29,721 [DEBUG] crypto: AES-CBC decrypt: plaintext_len=79
2026-05-15 11:47:29,722 [DEBUG] crypto: AES-CBC decrypt: ciphertext_len=216
2026-05-15 11:47:29,722 [DEBUG] crypto: AES-CBC decrypt: plaintext_len=139
2026-05-15 11:48:20,917 [DEBUG] crypto: Deriving key with salt=cf86283f721ba762..., memory=65536, iterations=3
2026-05-15 11:48:20,968 [DEBUG] crypto: Key derived successfully, length=32
2026-05-15 11:48:20,968 [DEBUG] crypto: AES-CBC decrypt: ciphertext_len=108
2026-05-15 11:48:20,968 [DEBUG] crypto: AES-CBC decrypt: plaintext_len=49
2026-05-15 11:50:10,179 [DEBUG] crypto: Deriving key with salt=a40680831a818be2..., memory=65536, iterations=3
2026-05-15 11:50:10,233 [DEBUG] crypto: Key derived successfully, length=32
2026-05-15 11:50:10,233 [DEBUG] crypto: AES-CBC decrypt: ciphertext_len=108
2026-05-15 11:50:10,245 [DEBUG] crypto: AES-CBC decrypt: plaintext_len=49
2026-05-15 11:50:10,247 [DEBUG] crypto: AES-CBC decrypt: ciphertext_len=152
2026-05-15 11:50:10,247 [DEBUG] crypto: AES-CBC decrypt: plaintext_len=80
2026-05-15 11:50:10,248 [DEBUG] crypto: AES-CBC decrypt: ciphertext_len=128
2026-05-15 11:50:10,248 [DEBUG] crypto: AES-CBC decrypt: plaintext_len=79
2026-05-15 11:50:10,249 [DEBUG] crypto: AES-CBC decrypt: ciphertext_len=216
2026-05-15 11:50:10,249 [DEBUG] crypto: AES-CBC decrypt: plaintext_len=139
2026-05-15 11:52:23,712 [DEBUG] crypto: Deriving key with salt=a40680831a818be2..., memory=65536, iterations=3
2026-05-15 11:52:23,766 [DEBUG] crypto: Key derived successfully, length=32
2026-05-15 11:52:23,766 [DEBUG] crypto: AES-CBC decrypt: ciphertext_len=108
2026-05-15 11:52:23,778 [DEBUG] crypto: AES-CBC decrypt: plaintext_len=49
2026-05-15 11:52:23,780 [DEBUG] crypto: AES-CBC decrypt: ciphertext_len=152
2026-05-15 11:52:23,780 [DEBUG] crypto: AES-CBC decrypt: plaintext_len=80
2026-05-15 11:52:23,780 [DEBUG] crypto: AES-CBC decrypt: ciphertext_len=128
2026-05-15 11:52:23,780 [DEBUG] crypto: AES-CBC decrypt: plaintext_len=79
2026-05-15 11:52:23,782 [DEBUG] crypto: AES-CBC decrypt: ciphertext_len=216
2026-05-15 11:52:23,782 [DEBUG] crypto: AES-CBC decrypt: plaintext_len=139
2026-05-15 11:53:26,392 [DEBUG] crypto: Deriving key with salt=a40680831a818be2..., memory=65536, iterations=3
2026-05-15 11:53:26,443 [DEBUG] crypto: Key derived successfully, length=32
2026-05-15 11:53:26,444 [DEBUG] crypto: AES-CBC decrypt: ciphertext_len=108
2026-05-15 11:53:26,455 [DEBUG] crypto: AES-CBC decrypt: plaintext_len=49
2026-05-15 11:53:26,458 [DEBUG] crypto: AES-CBC decrypt: ciphertext_len=152
2026-05-15 11:53:26,458 [DEBUG] crypto: AES-CBC decrypt: plaintext_len=80
2026-05-15 11:53:26,458 [DEBUG] crypto: AES-CBC decrypt: ciphertext_len=128
2026-05-15 11:53:26,458 [DEBUG] crypto: AES-CBC decrypt: plaintext_len=79
2026-05-15 11:53:26,460 [DEBUG] crypto: AES-CBC decrypt: ciphertext_len=216
2026-05-15 11:53:26,460 [DEBUG] crypto: AES-CBC decrypt: plaintext_len=139
2026-05-15 12:01:22,159 [DEBUG] crypto: Deriving key with salt=a40680831a818be2..., memory=65536, iterations=3
2026-05-15 12:01:22,212 [DEBUG] crypto: Key derived successfully, length=32
2026-05-15 12:01:22,212 [DEBUG] crypto: AES-CBC decrypt: ciphertext_len=108
2026-05-15 12:01:22,223 [DEBUG] crypto: AES-CBC decrypt: plaintext_len=49
2026-05-15 12:01:22,225 [DEBUG] crypto: AES-CBC decrypt: ciphertext_len=152
2026-05-15 12:01:22,226 [DEBUG] crypto: AES-CBC decrypt: plaintext_len=80
2026-05-15 12:01:22,226 [DEBUG] crypto: AES-CBC decrypt: ciphertext_len=128
2026-05-15 12:01:22,226 [DEBUG] crypto: AES-CBC decrypt: plaintext_len=79
2026-05-15 12:01:22,227 [DEBUG] crypto: AES-CBC decrypt: ciphertext_len=216
2026-05-15 12:01:22,228 [DEBUG] crypto: AES-CBC decrypt: plaintext_len=139
2026-05-15 12:01:22,232 [DEBUG] crypto: AES-CBC decrypt: ciphertext_len=152
2026-05-15 12:01:22,232 [DEBUG] crypto: AES-CBC decrypt: plaintext_len=80
2026-05-15 12:01:22,233 [DEBUG] crypto: AES-CBC decrypt: ciphertext_len=128
2026-05-15 12:01:22,233 [DEBUG] crypto: AES-CBC decrypt: plaintext_len=79
2026-05-15 12:01:22,233 [DEBUG] crypto: AES-CBC decrypt: ciphertext_len=216
2026-05-15 12:01:22,233 [DEBUG] crypto: AES-CBC decrypt: plaintext_len=139
2026-05-15 12:05:13,123 [DEBUG] crypto: AES-CBC decrypt: ciphertext_len=216
2026-05-15 12:05:13,124 [DEBUG] crypto: AES-CBC decrypt: plaintext_len=139
2026-05-15 12:05:13,605 [DEBUG] crypto: AES-CBC decrypt: ciphertext_len=216
2026-05-15 12:05:13,606 [DEBUG] crypto: AES-CBC decrypt: plaintext_len=139
2026-05-15 12:05:23,853 [DEBUG] crypto: AES-CBC decrypt: ciphertext_len=216
2026-05-15 12:05:23,853 [DEBUG] crypto: AES-CBC decrypt: plaintext_len=139
2026-05-15 12:05:43,600 [DEBUG] crypto: AES-CBC decrypt: ciphertext_len=152
2026-05-15 12:05:43,600 [DEBUG] crypto: AES-CBC decrypt: plaintext_len=80
2026-05-15 12:05:43,601 [DEBUG] crypto: AES-CBC decrypt: ciphertext_len=128
2026-05-15 12:05:43,601 [DEBUG] crypto: AES-CBC decrypt: plaintext_len=79
2026-05-15 12:05:43,601 [DEBUG] crypto: AES-CBC decrypt: ciphertext_len=216
2026-05-15 12:05:43,602 [DEBUG] crypto: AES-CBC decrypt: plaintext_len=139
2026-05-15 12:05:49,979 [DEBUG] crypto: AES-CBC decrypt: ciphertext_len=216
2026-05-15 12:05:49,979 [DEBUG] crypto: AES-CBC decrypt: plaintext_len=139
2026-05-15 12:05:49,979 [DEBUG] crypto: AES-CBC decrypt: ciphertext_len=3544
2026-05-15 12:05:49,979 [DEBUG] crypto: AES-CBC decrypt: plaintext_len=2624
2026-05-15 12:05:49,979 [DEBUG] crypto: AES-CBC decrypt: ciphertext_len=2624
2026-05-15 12:05:49,980 [DEBUG] crypto: AES-CBC decrypt: plaintext_len=1942
2026-05-15 12:06:28,839 [DEBUG] crypto: AES-CBC decrypt: ciphertext_len=152
2026-05-15 12:06:28,839 [DEBUG] crypto: AES-CBC decrypt: plaintext_len=80
2026-05-15 12:06:28,840 [DEBUG] crypto: AES-CBC decrypt: ciphertext_len=128
2026-05-15 12:06:28,840 [DEBUG] crypto: AES-CBC decrypt: plaintext_len=79
2026-05-15 12:06:28,840 [DEBUG] crypto: AES-CBC decrypt: ciphertext_len=216
2026-05-15 12:06:28,840 [DEBUG] crypto: AES-CBC decrypt: plaintext_len=139
2026-05-15 12:07:04,400 [DEBUG] crypto: AES-CBC decrypt: ciphertext_len=216
2026-05-15 12:07:04,401 [DEBUG] crypto: AES-CBC decrypt: plaintext_len=139
2026-05-15 12:07:05,593 [DEBUG] crypto: AES-CBC decrypt: ciphertext_len=216
2026-05-15 12:07:05,594 [DEBUG] crypto: AES-CBC decrypt: plaintext_len=139
2026-05-15 12:07:06,232 [DEBUG] crypto: AES-CBC decrypt: ciphertext_len=216
2026-05-15 12:07:06,233 [DEBUG] crypto: AES-CBC decrypt: plaintext_len=139
2026-05-15 12:07:15,624 [DEBUG] crypto: AES-CBC decrypt: ciphertext_len=216
2026-05-15 12:07:15,624 [DEBUG] crypto: AES-CBC decrypt: plaintext_len=139
2026-05-15 12:07:16,847 [DEBUG] crypto: AES-CBC decrypt: ciphertext_len=216
2026-05-15 12:07:16,847 [DEBUG] crypto: AES-CBC decrypt: plaintext_len=139
2026-05-15 12:07:17,405 [DEBUG] crypto: AES-CBC decrypt: ciphertext_len=216
2026-05-15 12:07:17,406 [DEBUG] crypto: AES-CBC decrypt: plaintext_len=139
2026-05-15 12:07:18,662 [DEBUG] crypto: AES-CBC decrypt: ciphertext_len=216
2026-05-15 12:07:18,662 [DEBUG] crypto: AES-CBC decrypt: plaintext_len=139
2026-05-15 12:07:21,471 [DEBUG] crypto: AES-CBC decrypt: ciphertext_len=152
2026-05-15 12:07:21,471 [DEBUG] crypto: AES-CBC decrypt: plaintext_len=80
2026-05-15 12:07:21,471 [DEBUG] crypto: AES-CBC decrypt: ciphertext_len=128
2026-05-15 12:07:21,471 [DEBUG] crypto: AES-CBC decrypt: plaintext_len=79
2026-05-15 12:07:21,472 [DEBUG] crypto: AES-CBC decrypt: ciphertext_len=216
2026-05-15 12:07:21,472 [DEBUG] crypto: AES-CBC decrypt: plaintext_len=139
2026-05-15 12:07:22,630 [DEBUG] crypto: AES-CBC decrypt: ciphertext_len=152
2026-05-15 12:07:22,631 [DEBUG] crypto: AES-CBC decrypt: plaintext_len=80
2026-05-15 12:07:22,631 [DEBUG] crypto: AES-CBC decrypt: ciphertext_len=128
2026-05-15 12:07:22,631 [DEBUG] crypto: AES-CBC decrypt: plaintext_len=79
2026-05-15 12:07:22,631 [DEBUG] crypto: AES-CBC decrypt: ciphertext_len=216
2026-05-15 12:07:22,631 [DEBUG] crypto: AES-CBC decrypt: plaintext_len=139
2026-05-15 12:07:23,374 [DEBUG] crypto: AES-CBC decrypt: ciphertext_len=152
2026-05-15 12:07:23,374 [DEBUG] crypto: AES-CBC decrypt: plaintext_len=80
2026-05-15 12:07:23,375 [DEBUG] crypto: AES-CBC decrypt: ciphertext_len=128
2026-05-15 12:07:23,375 [DEBUG] crypto: AES-CBC decrypt: plaintext_len=79
2026-05-15 12:07:23,375 [DEBUG] crypto: AES-CBC decrypt: ciphertext_len=216
2026-05-15 12:07:23,375 [DEBUG] crypto: AES-CBC decrypt: plaintext_len=139
2026-05-15 12:07:29,542 [DEBUG] crypto: AES-CBC decrypt: ciphertext_len=152
2026-05-15 12:07:29,542 [DEBUG] crypto: AES-CBC decrypt: plaintext_len=80
2026-05-15 12:07:29,542 [DEBUG] crypto: AES-CBC decrypt: ciphertext_len=128
2026-05-15 12:07:29,542 [DEBUG] crypto: AES-CBC decrypt: plaintext_len=79
2026-05-15 12:07:29,543 [DEBUG] crypto: AES-CBC decrypt: ciphertext_len=216
2026-05-15 12:07:29,543 [DEBUG] crypto: AES-CBC decrypt: plaintext_len=139
2026-05-15 12:07:31,030 [DEBUG] crypto: AES-CBC decrypt: ciphertext_len=152
2026-05-15 12:07:31,030 [DEBUG] crypto: AES-CBC decrypt: plaintext_len=80
2026-05-15 12:07:31,030 [DEBUG] crypto: AES-CBC decrypt: ciphertext_len=128
2026-05-15 12:07:31,031 [DEBUG] crypto: AES-CBC decrypt: plaintext_len=79
2026-05-15 12:07:31,031 [DEBUG] crypto: AES-CBC decrypt: ciphertext_len=216
2026-05-15 12:07:31,031 [DEBUG] crypto: AES-CBC decrypt: plaintext_len=139
2026-05-15 12:07:31,446 [DEBUG] crypto: AES-CBC decrypt: ciphertext_len=152
2026-05-15 12:07:31,446 [DEBUG] crypto: AES-CBC decrypt: plaintext_len=80
2026-05-15 12:07:31,446 [DEBUG] crypto: AES-CBC decrypt: ciphertext_len=128
2026-05-15 12:07:31,446 [DEBUG] crypto: AES-CBC decrypt: plaintext_len=79
2026-05-15 12:07:31,447 [DEBUG] crypto: AES-CBC decrypt: ciphertext_len=216
2026-05-15 12:07:31,447 [DEBUG] crypto: AES-CBC decrypt: plaintext_len=139
2026-05-15 12:07:32,736 [DEBUG] crypto: AES-CBC decrypt: ciphertext_len=216
2026-05-15 12:07:32,736 [DEBUG] crypto: AES-CBC decrypt: plaintext_len=139
2026-05-15 12:07:33,566 [DEBUG] crypto: AES-CBC decrypt: ciphertext_len=152
2026-05-15 12:07:33,567 [DEBUG] crypto: AES-CBC decrypt: plaintext_len=80
2026-05-15 12:07:33,567 [DEBUG] crypto: AES-CBC decrypt: ciphertext_len=128
2026-05-15 12:07:33,567 [DEBUG] crypto: AES-CBC decrypt: plaintext_len=79
2026-05-15 12:07:33,568 [DEBUG] crypto: AES-CBC decrypt: ciphertext_len=216
2026-05-15 12:07:33,568 [DEBUG] crypto: AES-CBC decrypt: plaintext_len=139
2026-05-15 12:07:37,094 [DEBUG] crypto: AES-CBC decrypt: ciphertext_len=152
2026-05-15 12:07:37,095 [DEBUG] crypto: AES-CBC decrypt: plaintext_len=80
2026-05-15 12:07:37,095 [DEBUG] crypto: AES-CBC decrypt: ciphertext_len=128
2026-05-15 12:07:37,095 [DEBUG] crypto: AES-CBC decrypt: plaintext_len=79
2026-05-15 12:07:37,096 [DEBUG] crypto: AES-CBC decrypt: ciphertext_len=216
2026-05-15 12:07:37,096 [DEBUG] crypto: AES-CBC decrypt: plaintext_len=139
2026-05-15 12:07:38,726 [DEBUG] crypto: AES-CBC decrypt: ciphertext_len=152
2026-05-15 12:07:38,726 [DEBUG] crypto: AES-CBC decrypt: plaintext_len=80
2026-05-15 12:07:38,726 [DEBUG] crypto: AES-CBC decrypt: ciphertext_len=128
2026-05-15 12:07:38,726 [DEBUG] crypto: AES-CBC decrypt: plaintext_len=79
2026-05-15 12:07:38,727 [DEBUG] crypto: AES-CBC decrypt: ciphertext_len=216
2026-05-15 12:07:38,727 [DEBUG] crypto: AES-CBC decrypt: plaintext_len=139
2026-05-15 12:07:40,470 [DEBUG] crypto: AES-CBC decrypt: ciphertext_len=152
2026-05-15 12:07:40,470 [DEBUG] crypto: AES-CBC decrypt: plaintext_len=80
2026-05-15 12:07:40,470 [DEBUG] crypto: AES-CBC decrypt: ciphertext_len=128
2026-05-15 12:07:40,470 [DEBUG] crypto: AES-CBC decrypt: plaintext_len=79
2026-05-15 12:07:40,471 [DEBUG] crypto: AES-CBC decrypt: ciphertext_len=216
2026-05-15 12:07:40,471 [DEBUG] crypto: AES-CBC decrypt: plaintext_len=139
2026-05-15 12:07:42,182 [DEBUG] crypto: AES-CBC decrypt: ciphertext_len=152
2026-05-15 12:07:42,182 [DEBUG] crypto: AES-CBC decrypt: plaintext_len=80
2026-05-15 12:07:42,182 [DEBUG] crypto: AES-CBC decrypt: ciphertext_len=128
2026-05-15 12:07:42,182 [DEBUG] crypto: AES-CBC decrypt: plaintext_len=79
2026-05-15 12:07:42,183 [DEBUG] crypto: AES-CBC decrypt: ciphertext_len=216
2026-05-15 12:07:42,183 [DEBUG] crypto: AES-CBC decrypt: plaintext_len=139
2026-05-15 12:07:45,678 [DEBUG] crypto: AES-CBC decrypt: ciphertext_len=152
2026-05-15 12:07:45,678 [DEBUG] crypto: AES-CBC decrypt: plaintext_len=80
2026-05-15 12:07:45,678 [DEBUG] crypto: AES-CBC decrypt: ciphertext_len=128
2026-05-15 12:07:45,678 [DEBUG] crypto: AES-CBC decrypt: plaintext_len=79
2026-05-15 12:07:45,679 [DEBUG] crypto: AES-CBC decrypt: ciphertext_len=216
2026-05-15 12:07:45,679 [DEBUG] crypto: AES-CBC decrypt: plaintext_len=139
2026-05-15 12:07:48,550 [DEBUG] crypto: AES-CBC decrypt: ciphertext_len=152
2026-05-15 12:07:48,550 [DEBUG] crypto: AES-CBC decrypt: plaintext_len=80
2026-05-15 12:07:48,550 [DEBUG] crypto: AES-CBC decrypt: ciphertext_len=128
2026-05-15 12:07:48,550 [DEBUG] crypto: AES-CBC decrypt: plaintext_len=79
2026-05-15 12:07:48,551 [DEBUG] crypto: AES-CBC decrypt: ciphertext_len=216
2026-05-15 12:07:48,551 [DEBUG] crypto: AES-CBC decrypt: plaintext_len=139
2026-05-15 12:07:49,326 [DEBUG] crypto: AES-CBC decrypt: ciphertext_len=152
2026-05-15 12:07:49,326 [DEBUG] crypto: AES-CBC decrypt: plaintext_len=80
2026-05-15 12:07:49,326 [DEBUG] crypto: AES-CBC decrypt: ciphertext_len=128
2026-05-15 12:07:49,326 [DEBUG] crypto: AES-CBC decrypt: plaintext_len=79
2026-05-15 12:07:49,327 [DEBUG] crypto: AES-CBC decrypt: ciphertext_len=216
2026-05-15 12:07:49,327 [DEBUG] crypto: AES-CBC decrypt: plaintext_len=139
2026-05-15 12:07:49,934 [DEBUG] crypto: AES-CBC decrypt: ciphertext_len=152
2026-05-15 12:07:49,934 [DEBUG] crypto: AES-CBC decrypt: plaintext_len=80
2026-05-15 12:07:49,934 [DEBUG] crypto: AES-CBC decrypt: ciphertext_len=128
2026-05-15 12:07:49,934 [DEBUG] crypto: AES-CBC decrypt: plaintext_len=79
2026-05-15 12:07:49,935 [DEBUG] crypto: AES-CBC decrypt: ciphertext_len=216
2026-05-15 12:07:49,935 [DEBUG] crypto: AES-CBC decrypt: plaintext_len=139
2026-05-15 12:07:50,149 [DEBUG] crypto: AES-CBC decrypt: ciphertext_len=152
2026-05-15 12:07:50,150 [DEBUG] crypto: AES-CBC decrypt: plaintext_len=80
2026-05-15 12:07:50,150 [DEBUG] crypto: AES-CBC decrypt: ciphertext_len=128
2026-05-15 12:07:50,150 [DEBUG] crypto: AES-CBC decrypt: plaintext_len=79
2026-05-15 12:07:50,150 [DEBUG] crypto: AES-CBC decrypt: ciphertext_len=216
2026-05-15 12:07:50,151 [DEBUG] crypto: AES-CBC decrypt: plaintext_len=139
2026-05-15 12:07:50,293 [DEBUG] crypto: AES-CBC decrypt: ciphertext_len=152
2026-05-15 12:07:50,294 [DEBUG] crypto: AES-CBC decrypt: plaintext_len=80
2026-05-15 12:07:50,294 [DEBUG] crypto: AES-CBC decrypt: ciphertext_len=128
2026-05-15 12:07:50,294 [DEBUG] crypto: AES-CBC decrypt: plaintext_len=79
2026-05-15 12:07:50,295 [DEBUG] crypto: AES-CBC decrypt: ciphertext_len=216
2026-05-15 12:07:50,295 [DEBUG] crypto: AES-CBC decrypt: plaintext_len=139
2026-05-15 12:07:51,014 [DEBUG] crypto: AES-CBC decrypt: ciphertext_len=152
2026-05-15 12:07:51,014 [DEBUG] crypto: AES-CBC decrypt: plaintext_len=80
2026-05-15 12:07:51,014 [DEBUG] crypto: AES-CBC decrypt: ciphertext_len=128
2026-05-15 12:07:51,014 [DEBUG] crypto: AES-CBC decrypt: plaintext_len=79
2026-05-15 12:07:51,015 [DEBUG] crypto: AES-CBC decrypt: ciphertext_len=216
2026-05-15 12:07:51,015 [DEBUG] crypto: AES-CBC decrypt: plaintext_len=139
2026-05-15 12:07:51,301 [DEBUG] crypto: AES-CBC decrypt: ciphertext_len=152
2026-05-15 12:07:51,302 [DEBUG] crypto: AES-CBC decrypt: plaintext_len=80
2026-05-15 12:07:51,302 [DEBUG] crypto: AES-CBC decrypt: ciphertext_len=128
2026-05-15 12:07:51,302 [DEBUG] crypto: AES-CBC decrypt: plaintext_len=79
2026-05-15 12:07:51,302 [DEBUG] crypto: AES-CBC decrypt: ciphertext_len=216
2026-05-15 12:07:51,303 [DEBUG] crypto: AES-CBC decrypt: plaintext_len=139
2026-05-15 12:07:51,318 [DEBUG] crypto: AES-CBC decrypt: ciphertext_len=152
2026-05-15 12:07:51,318 [DEBUG] crypto: AES-CBC decrypt: plaintext_len=80
2026-05-15 12:07:51,318 [DEBUG] crypto: AES-CBC decrypt: ciphertext_len=128
2026-05-15 12:07:51,318 [DEBUG] crypto: AES-CBC decrypt: plaintext_len=79
2026-05-15 12:07:51,319 [DEBUG] crypto: AES-CBC decrypt: ciphertext_len=216
2026-05-15 12:07:51,319 [DEBUG] crypto: AES-CBC decrypt: plaintext_len=139
2026-05-15 12:07:51,493 [DEBUG] crypto: AES-CBC decrypt: ciphertext_len=152
2026-05-15 12:07:51,494 [DEBUG] crypto: AES-CBC decrypt: plaintext_len=80
2026-05-15 12:07:51,494 [DEBUG] crypto: AES-CBC decrypt: ciphertext_len=128
2026-05-15 12:07:51,494 [DEBUG] crypto: AES-CBC decrypt: plaintext_len=79
2026-05-15 12:07:51,495 [DEBUG] crypto: AES-CBC decrypt: ciphertext_len=216
2026-05-15 12:07:51,495 [DEBUG] crypto: AES-CBC decrypt: plaintext_len=139
2026-05-15 12:07:51,573 [DEBUG] crypto: AES-CBC decrypt: ciphertext_len=152
2026-05-15 12:07:51,574 [DEBUG] crypto: AES-CBC decrypt: plaintext_len=80
2026-05-15 12:07:51,574 [DEBUG] crypto: AES-CBC decrypt: ciphertext_len=128
2026-05-15 12:07:51,574 [DEBUG] crypto: AES-CBC decrypt: plaintext_len=79
2026-05-15 12:07:51,574 [DEBUG] crypto: AES-CBC decrypt: ciphertext_len=216
2026-05-15 12:07:51,575 [DEBUG] crypto: AES-CBC decrypt: plaintext_len=139
2026-05-15 12:07:51,934 [DEBUG] crypto: AES-CBC decrypt: ciphertext_len=152
2026-05-15 12:07:51,934 [DEBUG] crypto: AES-CBC decrypt: plaintext_len=80
2026-05-15 12:07:51,934 [DEBUG] crypto: AES-CBC decrypt: ciphertext_len=128
2026-05-15 12:07:51,934 [DEBUG] crypto: AES-CBC decrypt: plaintext_len=79
2026-05-15 12:07:51,934 [DEBUG] crypto: AES-CBC decrypt: ciphertext_len=216
2026-05-15 12:07:51,935 [DEBUG] crypto: AES-CBC decrypt: plaintext_len=139
2026-05-15 12:07:52,189 [DEBUG] crypto: AES-CBC decrypt: ciphertext_len=152
2026-05-15 12:07:52,190 [DEBUG] crypto: AES-CBC decrypt: plaintext_len=80
2026-05-15 12:07:52,190 [DEBUG] crypto: AES-CBC decrypt: ciphertext_len=128
2026-05-15 12:07:52,190 [DEBUG] crypto: AES-CBC decrypt: plaintext_len=79
2026-05-15 12:07:52,190 [DEBUG] crypto: AES-CBC decrypt: ciphertext_len=216
2026-05-15 12:07:52,191 [DEBUG] crypto: AES-CBC decrypt: plaintext_len=139
2026-05-15 12:07:52,381 [DEBUG] crypto: AES-CBC decrypt: ciphertext_len=152
2026-05-15 12:07:52,382 [DEBUG] crypto: AES-CBC decrypt: plaintext_len=80
2026-05-15 12:07:52,382 [DEBUG] crypto: AES-CBC decrypt: ciphertext_len=128
2026-05-15 12:07:52,382 [DEBUG] crypto: AES-CBC decrypt: plaintext_len=79
2026-05-15 12:07:52,382 [DEBUG] crypto: AES-CBC decrypt: ciphertext_len=216
2026-05-15 12:07:52,383 [DEBUG] crypto: AES-CBC decrypt: plaintext_len=139
2026-05-15 12:07:52,549 [DEBUG] crypto: AES-CBC decrypt: ciphertext_len=152
2026-05-15 12:07:52,550 [DEBUG] crypto: AES-CBC decrypt: plaintext_len=80
2026-05-15 12:07:52,550 [DEBUG] crypto: AES-CBC decrypt: ciphertext_len=128
2026-05-15 12:07:52,550 [DEBUG] crypto: AES-CBC decrypt: plaintext_len=79
2026-05-15 12:07:52,550 [DEBUG] crypto: AES-CBC decrypt: ciphertext_len=216
2026-05-15 12:07:52,551 [DEBUG] crypto: AES-CBC decrypt: plaintext_len=139
2026-05-15 12:07:52,717 [DEBUG] crypto: AES-CBC decrypt: ciphertext_len=152
2026-05-15 12:07:52,718 [DEBUG] crypto: AES-CBC decrypt: plaintext_len=80
2026-05-15 12:07:52,718 [DEBUG] crypto: AES-CBC decrypt: ciphertext_len=128
2026-05-15 12:07:52,718 [DEBUG] crypto: AES-CBC decrypt: plaintext_len=79
2026-05-15 12:07:52,719 [DEBUG] crypto: AES-CBC decrypt: ciphertext_len=216
2026-05-15 12:07:52,719 [DEBUG] crypto: AES-CBC decrypt: plaintext_len=139
2026-05-15 12:07:52,878 [DEBUG] crypto: AES-CBC decrypt: ciphertext_len=152
2026-05-15 12:07:52,878 [DEBUG] crypto: AES-CBC decrypt: plaintext_len=80
2026-05-15 12:07:52,879 [DEBUG] crypto: AES-CBC decrypt: ciphertext_len=128
2026-05-15 12:07:52,879 [DEBUG] crypto: AES-CBC decrypt: plaintext_len=79
2026-05-15 12:07:52,879 [DEBUG] crypto: AES-CBC decrypt: ciphertext_len=216
2026-05-15 12:07:52,880 [DEBUG] crypto: AES-CBC decrypt: plaintext_len=139
2026-05-15 12:07:53,830 [DEBUG] crypto: AES-CBC decrypt: ciphertext_len=152
2026-05-15 12:07:53,830 [DEBUG] crypto: AES-CBC decrypt: plaintext_len=80
2026-05-15 12:07:53,830 [DEBUG] crypto: AES-CBC decrypt: ciphertext_len=128
2026-05-15 12:07:53,830 [DEBUG] crypto: AES-CBC decrypt: plaintext_len=79
2026-05-15 12:07:53,830 [DEBUG] crypto: AES-CBC decrypt: ciphertext_len=216
2026-05-15 12:07:53,831 [DEBUG] crypto: AES-CBC decrypt: plaintext_len=139
2026-05-15 12:07:54,262 [DEBUG] crypto: AES-CBC decrypt: ciphertext_len=152
2026-05-15 12:07:54,262 [DEBUG] crypto: AES-CBC decrypt: plaintext_len=80
2026-05-15 12:07:54,262 [DEBUG] crypto: AES-CBC decrypt: ciphertext_len=128
2026-05-15 12:07:54,262 [DEBUG] crypto: AES-CBC decrypt: plaintext_len=79
2026-05-15 12:07:54,263 [DEBUG] crypto: AES-CBC decrypt: ciphertext_len=216
2026-05-15 12:07:54,263 [DEBUG] crypto: AES-CBC decrypt: plaintext_len=139
2026-05-15 12:07:55,221 [DEBUG] crypto: AES-CBC decrypt: ciphertext_len=152
2026-05-15 12:07:55,222 [DEBUG] crypto: AES-CBC decrypt: plaintext_len=80
2026-05-15 12:07:55,222 [DEBUG] crypto: AES-CBC decrypt: ciphertext_len=128
2026-05-15 12:07:55,222 [DEBUG] crypto: AES-CBC decrypt: plaintext_len=79
2026-05-15 12:07:55,222 [DEBUG] crypto: AES-CBC decrypt: ciphertext_len=216
2026-05-15 12:07:55,223 [DEBUG] crypto: AES-CBC decrypt: plaintext_len=139
2026-05-15 12:07:55,997 [DEBUG] crypto: AES-CBC decrypt: ciphertext_len=152
2026-05-15 12:07:55,998 [DEBUG] crypto: AES-CBC decrypt: plaintext_len=80
2026-05-15 12:07:55,998 [DEBUG] crypto: AES-CBC decrypt: ciphertext_len=128
2026-05-15 12:07:55,998 [DEBUG] crypto: AES-CBC decrypt: plaintext_len=79
2026-05-15 12:07:55,999 [DEBUG] crypto: AES-CBC decrypt: ciphertext_len=216
2026-05-15 12:07:55,999 [DEBUG] crypto: AES-CBC decrypt: plaintext_len=139
2026-05-15 12:07:56,405 [DEBUG] crypto: AES-CBC decrypt: ciphertext_len=152
2026-05-15 12:07:56,406 [DEBUG] crypto: AES-CBC decrypt: plaintext_len=80
2026-05-15 12:07:56,406 [DEBUG] crypto: AES-CBC decrypt: ciphertext_len=128
2026-05-15 12:07:56,406 [DEBUG] crypto: AES-CBC decrypt: plaintext_len=79
2026-05-15 12:07:56,406 [DEBUG] crypto: AES-CBC decrypt: ciphertext_len=216
2026-05-15 12:07:56,407 [DEBUG] crypto: AES-CBC decrypt: plaintext_len=139
2026-05-15 12:07:57,302 [DEBUG] crypto: AES-CBC decrypt: ciphertext_len=152
2026-05-15 12:07:57,302 [DEBUG] crypto: AES-CBC decrypt: plaintext_len=80
2026-05-15 12:07:57,302 [DEBUG] crypto: AES-CBC decrypt: ciphertext_len=128
2026-05-15 12:07:57,302 [DEBUG] crypto: AES-CBC decrypt: plaintext_len=79
2026-05-15 12:07:57,303 [DEBUG] crypto: AES-CBC decrypt: ciphertext_len=216
2026-05-15 12:07:57,303 [DEBUG] crypto: AES-CBC decrypt: plaintext_len=139
2026-05-15 12:07:57,838 [DEBUG] crypto: AES-CBC decrypt: ciphertext_len=152
2026-05-15 12:07:57,838 [DEBUG] crypto: AES-CBC decrypt: plaintext_len=80
2026-05-15 12:07:57,838 [DEBUG] crypto: AES-CBC decrypt: ciphertext_len=128
2026-05-15 12:07:57,838 [DEBUG] crypto: AES-CBC decrypt: plaintext_len=79
2026-05-15 12:07:57,839 [DEBUG] crypto: AES-CBC decrypt: ciphertext_len=216
2026-05-15 12:07:57,839 [DEBUG] crypto: AES-CBC decrypt: plaintext_len=139
2026-05-15 12:07:58,101 [DEBUG] crypto: AES-CBC decrypt: ciphertext_len=152
2026-05-15 12:07:58,102 [DEBUG] crypto: AES-CBC decrypt: plaintext_len=80
2026-05-15 12:07:58,102 [DEBUG] crypto: AES-CBC decrypt: ciphertext_len=128
2026-05-15 12:07:58,102 [DEBUG] crypto: AES-CBC decrypt: plaintext_len=79
2026-05-15 12:07:58,103 [DEBUG] crypto: AES-CBC decrypt: ciphertext_len=216
2026-05-15 12:07:58,103 [DEBUG] crypto: AES-CBC decrypt: plaintext_len=139
2026-05-15 12:08:00,249 [DEBUG] crypto: AES-CBC decrypt: ciphertext_len=216
2026-05-15 12:08:00,250 [DEBUG] crypto: AES-CBC decrypt: plaintext_len=139
2026-05-15 12:08:01,806 [DEBUG] crypto: AES-CBC decrypt: ciphertext_len=152
2026-05-15 12:08:01,806 [DEBUG] crypto: AES-CBC decrypt: plaintext_len=80
2026-05-15 12:08:01,806 [DEBUG] crypto: AES-CBC decrypt: ciphertext_len=128
2026-05-15 12:08:01,806 [DEBUG] crypto: AES-CBC decrypt: plaintext_len=79
2026-05-15 12:08:01,807 [DEBUG] crypto: AES-CBC decrypt: ciphertext_len=216
2026-05-15 12:08:01,807 [DEBUG] crypto: AES-CBC decrypt: plaintext_len=139
2026-05-15 12:08:04,245 [DEBUG] crypto: AES-CBC decrypt: ciphertext_len=152
2026-05-15 12:08:04,246 [DEBUG] crypto: AES-CBC decrypt: plaintext_len=80
2026-05-15 12:08:04,246 [DEBUG] crypto: AES-CBC decrypt: ciphertext_len=128
2026-05-15 12:08:04,246 [DEBUG] crypto: AES-CBC decrypt: plaintext_len=79
2026-05-15 12:08:04,247 [DEBUG] crypto: AES-CBC decrypt: ciphertext_len=216
2026-05-15 12:08:04,247 [DEBUG] crypto: AES-CBC decrypt: plaintext_len=139
2026-05-15 12:08:05,547 [DEBUG] crypto: AES-CBC decrypt: ciphertext_len=216
2026-05-15 12:08:05,548 [DEBUG] crypto: AES-CBC decrypt: plaintext_len=139
2026-05-15 12:08:06,382 [DEBUG] crypto: AES-CBC decrypt: ciphertext_len=152
2026-05-15 12:08:06,382 [DEBUG] crypto: AES-CBC decrypt: plaintext_len=80
2026-05-15 12:08:06,382 [DEBUG] crypto: AES-CBC decrypt: ciphertext_len=128
2026-05-15 12:08:06,382 [DEBUG] crypto: AES-CBC decrypt: plaintext_len=79
2026-05-15 12:08:06,383 [DEBUG] crypto: AES-CBC decrypt: ciphertext_len=216
2026-05-15 12:08:06,383 [DEBUG] crypto: AES-CBC decrypt: plaintext_len=139
2026-05-15 12:08:07,405 [DEBUG] crypto: AES-CBC decrypt: ciphertext_len=152
2026-05-15 12:08:07,406 [DEBUG] crypto: AES-CBC decrypt: plaintext_len=80
2026-05-15 12:08:07,406 [DEBUG] crypto: AES-CBC decrypt: ciphertext_len=128
2026-05-15 12:08:07,406 [DEBUG] crypto: AES-CBC decrypt: plaintext_len=79
2026-05-15 12:08:07,407 [DEBUG] crypto: AES-CBC decrypt: ciphertext_len=216
2026-05-15 12:08:07,407 [DEBUG] crypto: AES-CBC decrypt: plaintext_len=139
2026-05-15 12:08:08,709 [DEBUG] crypto: AES-CBC decrypt: ciphertext_len=216
2026-05-15 12:08:08,709 [DEBUG] crypto: AES-CBC decrypt: plaintext_len=139
2026-05-15 12:08:11,094 [DEBUG] crypto: AES-CBC decrypt: ciphertext_len=152
2026-05-15 12:08:11,094 [DEBUG] crypto: AES-CBC decrypt: plaintext_len=80
2026-05-15 12:08:11,094 [DEBUG] crypto: AES-CBC decrypt: ciphertext_len=128
2026-05-15 12:08:11,094 [DEBUG] crypto: AES-CBC decrypt: plaintext_len=79
2026-05-15 12:08:11,095 [DEBUG] crypto: AES-CBC decrypt: ciphertext_len=216
2026-05-15 12:08:11,095 [DEBUG] crypto: AES-CBC decrypt: plaintext_len=139
2026-05-15 12:08:12,509 [DEBUG] crypto: AES-CBC decrypt: ciphertext_len=152
2026-05-15 12:08:12,509 [DEBUG] crypto: AES-CBC decrypt: plaintext_len=80
2026-05-15 12:08:12,510 [DEBUG] crypto: AES-CBC decrypt: ciphertext_len=128
2026-05-15 12:08:12,510 [DEBUG] crypto: AES-CBC decrypt: plaintext_len=79
2026-05-15 12:08:12,510 [DEBUG] crypto: AES-CBC decrypt: ciphertext_len=216
2026-05-15 12:08:12,510 [DEBUG] crypto: AES-CBC decrypt: plaintext_len=139
2026-05-15 12:08:14,846 [DEBUG] crypto: AES-CBC decrypt: ciphertext_len=216
2026-05-15 12:08:14,846 [DEBUG] crypto: AES-CBC decrypt: plaintext_len=139
2026-05-15 12:08:14,847 [DEBUG] crypto: AES-CBC decrypt: ciphertext_len=3544
2026-05-15 12:08:14,847 [DEBUG] crypto: AES-CBC decrypt: plaintext_len=2624
2026-05-15 12:08:14,847 [DEBUG] crypto: AES-CBC decrypt: ciphertext_len=2624
2026-05-15 12:08:14,847 [DEBUG] crypto: AES-CBC decrypt: plaintext_len=1942
2026-05-15 12:12:19,241 [DEBUG] crypto: Deriving key with salt=a40680831a818be2..., memory=65536, iterations=3
2026-05-15 12:12:19,294 [DEBUG] crypto: Key derived successfully, length=32
2026-05-15 12:12:19,295 [DEBUG] crypto: AES-CBC decrypt: ciphertext_len=108
2026-05-15 12:12:19,306 [DEBUG] crypto: AES-CBC decrypt: plaintext_len=49
2026-05-15 12:12:19,308 [DEBUG] crypto: AES-CBC decrypt: ciphertext_len=152
2026-05-15 12:12:19,308 [DEBUG] crypto: AES-CBC decrypt: plaintext_len=80
2026-05-15 12:12:19,308 [DEBUG] crypto: AES-CBC decrypt: ciphertext_len=128
2026-05-15 12:12:19,308 [DEBUG] crypto: AES-CBC decrypt: plaintext_len=79
2026-05-15 12:12:19,309 [DEBUG] crypto: AES-CBC decrypt: ciphertext_len=216
2026-05-15 12:12:19,310 [DEBUG] crypto: AES-CBC decrypt: plaintext_len=139
2026-05-15 12:12:19,313 [DEBUG] crypto: AES-CBC decrypt: ciphertext_len=152
2026-05-15 12:12:19,314 [DEBUG] crypto: AES-CBC decrypt: plaintext_len=80
2026-05-15 12:12:19,314 [DEBUG] crypto: AES-CBC decrypt: ciphertext_len=128
2026-05-15 12:12:19,314 [DEBUG] crypto: AES-CBC decrypt: plaintext_len=79
2026-05-15 12:12:19,314 [DEBUG] crypto: AES-CBC decrypt: ciphertext_len=216
2026-05-15 12:12:19,314 [DEBUG] crypto: AES-CBC decrypt: plaintext_len=139
2026-05-15 12:12:21,706 [DEBUG] crypto: AES-CBC decrypt: ciphertext_len=216
2026-05-15 12:12:21,706 [DEBUG] crypto: AES-CBC decrypt: plaintext_len=139
2026-05-15 12:12:21,706 [DEBUG] crypto: AES-CBC decrypt: ciphertext_len=3544
2026-05-15 12:12:21,707 [DEBUG] crypto: AES-CBC decrypt: plaintext_len=2624
2026-05-15 12:12:21,707 [DEBUG] crypto: AES-CBC decrypt: ciphertext_len=2624
2026-05-15 12:12:21,707 [DEBUG] crypto: AES-CBC decrypt: plaintext_len=1942
2026-05-15 12:13:58,464 [DEBUG] crypto: Deriving key with salt=a40680831a818be2..., memory=65536, iterations=3
2026-05-15 12:13:58,517 [DEBUG] crypto: Key derived successfully, length=32
2026-05-15 12:13:58,518 [DEBUG] crypto: AES-CBC decrypt: ciphertext_len=108
2026-05-15 12:14:06,808 [DEBUG] crypto: Deriving key with salt=a40680831a818be2..., memory=65536, iterations=3
2026-05-15 12:14:06,860 [DEBUG] crypto: Key derived successfully, length=32
2026-05-15 12:14:06,860 [DEBUG] crypto: AES-CBC decrypt: ciphertext_len=108
2026-05-15 12:14:06,860 [DEBUG] crypto: AES-CBC decrypt: plaintext_len=49
2026-05-15 12:14:06,863 [DEBUG] crypto: AES-CBC decrypt: ciphertext_len=152
2026-05-15 12:14:06,863 [DEBUG] crypto: AES-CBC decrypt: plaintext_len=80
2026-05-15 12:14:06,863 [DEBUG] crypto: AES-CBC decrypt: ciphertext_len=128
2026-05-15 12:14:06,863 [DEBUG] crypto: AES-CBC decrypt: plaintext_len=79
2026-05-15 12:14:06,864 [DEBUG] crypto: AES-CBC decrypt: ciphertext_len=216
2026-05-15 12:14:06,864 [DEBUG] crypto: AES-CBC decrypt: plaintext_len=139
2026-05-15 12:14:06,868 [DEBUG] crypto: AES-CBC decrypt: ciphertext_len=152
2026-05-15 12:14:06,869 [DEBUG] crypto: AES-CBC decrypt: plaintext_len=80
2026-05-15 12:14:06,869 [DEBUG] crypto: AES-CBC decrypt: ciphertext_len=128
2026-05-15 12:14:06,869 [DEBUG] crypto: AES-CBC decrypt: plaintext_len=79
2026-05-15 12:14:06,869 [DEBUG] crypto: AES-CBC decrypt: ciphertext_len=216
2026-05-15 12:14:06,869 [DEBUG] crypto: AES-CBC decrypt: plaintext_len=139
2026-05-15 12:14:08,864 [DEBUG] crypto: AES-CBC decrypt: ciphertext_len=216
2026-05-15 12:14:08,864 [DEBUG] crypto: AES-CBC decrypt: plaintext_len=139
2026-05-15 12:14:08,864 [DEBUG] crypto: AES-CBC decrypt: ciphertext_len=3544
2026-05-15 12:14:08,864 [DEBUG] crypto: AES-CBC decrypt: plaintext_len=2624
2026-05-15 12:14:08,864 [DEBUG] crypto: AES-CBC decrypt: ciphertext_len=2624
2026-05-15 12:14:08,865 [DEBUG] crypto: AES-CBC decrypt: plaintext_len=1942
2026-05-15 12:15:10,448 [DEBUG] crypto: Deriving key with salt=a40680831a818be2..., memory=65536, iterations=3
2026-05-15 12:15:10,502 [DEBUG] crypto: Key derived successfully, length=32
2026-05-15 12:15:10,502 [DEBUG] crypto: AES-CBC decrypt: ciphertext_len=108
2026-05-15 12:15:10,513 [DEBUG] crypto: AES-CBC decrypt: plaintext_len=49
2026-05-15 12:15:10,515 [DEBUG] crypto: AES-CBC decrypt: ciphertext_len=152
2026-05-15 12:15:10,515 [DEBUG] crypto: AES-CBC decrypt: plaintext_len=80
2026-05-15 12:15:10,515 [DEBUG] crypto: AES-CBC decrypt: ciphertext_len=128
2026-05-15 12:15:10,515 [DEBUG] crypto: AES-CBC decrypt: plaintext_len=79
2026-05-15 12:15:10,517 [DEBUG] crypto: AES-CBC decrypt: ciphertext_len=216
2026-05-15 12:15:10,517 [DEBUG] crypto: AES-CBC decrypt: plaintext_len=139
2026-05-15 12:15:10,521 [DEBUG] crypto: AES-CBC decrypt: ciphertext_len=152
2026-05-15 12:15:10,522 [DEBUG] crypto: AES-CBC decrypt: plaintext_len=80
2026-05-15 12:15:10,522 [DEBUG] crypto: AES-CBC decrypt: ciphertext_len=128
2026-05-15 12:15:10,522 [DEBUG] crypto: AES-CBC decrypt: plaintext_len=79
2026-05-15 12:15:10,522 [DEBUG] crypto: AES-CBC decrypt: ciphertext_len=216
2026-05-15 12:15:10,522 [DEBUG] crypto: AES-CBC decrypt: plaintext_len=139
2026-05-15 12:15:12,234 [DEBUG] crypto: AES-CBC decrypt: ciphertext_len=216
2026-05-15 12:15:12,234 [DEBUG] crypto: AES-CBC decrypt: plaintext_len=139
2026-05-15 12:15:12,234 [DEBUG] crypto: AES-CBC decrypt: ciphertext_len=3544
2026-05-15 12:15:12,234 [DEBUG] crypto: AES-CBC decrypt: plaintext_len=2624
2026-05-15 12:15:12,234 [DEBUG] crypto: AES-CBC decrypt: ciphertext_len=2624
2026-05-15 12:15:12,235 [DEBUG] crypto: AES-CBC decrypt: plaintext_len=1942
2026-05-15 12:28:53,115 [DEBUG] crypto: Deriving key with salt=a40680831a818be2..., memory=65536, iterations=3
2026-05-15 12:28:53,169 [DEBUG] crypto: Key derived successfully, length=32
2026-05-15 12:28:53,169 [DEBUG] crypto: AES-CBC decrypt: ciphertext_len=108
2026-05-15 12:28:53,180 [DEBUG] crypto: AES-CBC decrypt: plaintext_len=49
2026-05-15 12:28:53,183 [DEBUG] crypto: AES-CBC decrypt: ciphertext_len=152
2026-05-15 12:28:53,183 [DEBUG] crypto: AES-CBC decrypt: plaintext_len=80
2026-05-15 12:28:53,183 [DEBUG] crypto: AES-CBC decrypt: ciphertext_len=128
2026-05-15 12:28:53,183 [DEBUG] crypto: AES-CBC decrypt: plaintext_len=79
2026-05-15 12:28:53,184 [DEBUG] crypto: AES-CBC decrypt: ciphertext_len=216
2026-05-15 12:28:53,185 [DEBUG] crypto: AES-CBC decrypt: plaintext_len=139
2026-05-15 12:28:53,189 [DEBUG] crypto: AES-CBC decrypt: ciphertext_len=152
2026-05-15 12:28:53,189 [DEBUG] crypto: AES-CBC decrypt: plaintext_len=80
2026-05-15 12:28:53,189 [DEBUG] crypto: AES-CBC decrypt: ciphertext_len=128
2026-05-15 12:28:53,189 [DEBUG] crypto: AES-CBC decrypt: plaintext_len=79
2026-05-15 12:28:53,190 [DEBUG] crypto: AES-CBC decrypt: ciphertext_len=216
2026-05-15 12:28:53,190 [DEBUG] crypto: AES-CBC decrypt: plaintext_len=139
2026-05-15 12:28:55,292 [DEBUG] crypto: AES-CBC decrypt: ciphertext_len=216
2026-05-15 12:28:55,292 [DEBUG] crypto: AES-CBC decrypt: plaintext_len=139
2026-05-15 12:28:55,292 [DEBUG] crypto: AES-CBC decrypt: ciphertext_len=3544
2026-05-15 12:28:55,292 [DEBUG] crypto: AES-CBC decrypt: plaintext_len=2624
2026-05-15 12:28:55,293 [DEBUG] crypto: AES-CBC decrypt: ciphertext_len=2624
2026-05-15 12:28:55,293 [DEBUG] crypto: AES-CBC decrypt: plaintext_len=1942
2026-05-15 12:30:32,419 [DEBUG] crypto: Deriving key with salt=a40680831a818be2..., memory=65536, iterations=3
2026-05-15 12:30:32,472 [DEBUG] crypto: Key derived successfully, length=32
2026-05-15 12:30:32,472 [DEBUG] crypto: AES-CBC decrypt: ciphertext_len=108
2026-05-15 12:30:38,991 [DEBUG] crypto: Deriving key with salt=a40680831a818be2..., memory=65536, iterations=3
2026-05-15 12:30:39,042 [DEBUG] crypto: Key derived successfully, length=32
2026-05-15 12:30:39,043 [DEBUG] crypto: AES-CBC decrypt: ciphertext_len=108
2026-05-15 12:30:39,043 [DEBUG] crypto: AES-CBC decrypt: plaintext_len=49
2026-05-15 12:30:39,045 [DEBUG] crypto: AES-CBC decrypt: ciphertext_len=152
2026-05-15 12:30:39,045 [DEBUG] crypto: AES-CBC decrypt: plaintext_len=80
2026-05-15 12:30:39,046 [DEBUG] crypto: AES-CBC decrypt: ciphertext_len=128
2026-05-15 12:30:39,046 [DEBUG] crypto: AES-CBC decrypt: plaintext_len=79
2026-05-15 12:30:39,047 [DEBUG] crypto: AES-CBC decrypt: ciphertext_len=216
2026-05-15 12:30:39,047 [DEBUG] crypto: AES-CBC decrypt: plaintext_len=139
2026-05-15 12:30:39,052 [DEBUG] crypto: AES-CBC decrypt: ciphertext_len=152
2026-05-15 12:30:39,052 [DEBUG] crypto: AES-CBC decrypt: plaintext_len=80
2026-05-15 12:30:39,052 [DEBUG] crypto: AES-CBC decrypt: ciphertext_len=128
2026-05-15 12:30:39,052 [DEBUG] crypto: AES-CBC decrypt: plaintext_len=79
2026-05-15 12:30:39,052 [DEBUG] crypto: AES-CBC decrypt: ciphertext_len=216
2026-05-15 12:30:39,052 [DEBUG] crypto: AES-CBC decrypt: plaintext_len=139
2026-05-15 12:30:40,763 [DEBUG] crypto: AES-CBC decrypt: ciphertext_len=216
2026-05-15 12:30:40,763 [DEBUG] crypto: AES-CBC decrypt: plaintext_len=139
2026-05-15 12:30:40,764 [DEBUG] crypto: AES-CBC decrypt: ciphertext_len=3544
2026-05-15 12:30:40,764 [DEBUG] crypto: AES-CBC decrypt: plaintext_len=2624
2026-05-15 12:30:40,764 [DEBUG] crypto: AES-CBC decrypt: ciphertext_len=2624
2026-05-15 12:30:40,764 [DEBUG] crypto: AES-CBC decrypt: plaintext_len=1942
2026-05-15 12:44:20,301 [DEBUG] crypto: Deriving key with salt=a40680831a818be2..., memory=65536, iterations=3
2026-05-15 12:44:20,359 [DEBUG] crypto: Key derived successfully, length=32
2026-05-15 12:44:20,359 [DEBUG] crypto: AES-CBC decrypt: ciphertext_len=108
2026-05-15 12:44:20,370 [DEBUG] crypto: AES-CBC decrypt: plaintext_len=49
2026-05-15 12:44:20,373 [DEBUG] crypto: AES-CBC decrypt: ciphertext_len=152
2026-05-15 12:44:20,373 [DEBUG] crypto: AES-CBC decrypt: plaintext_len=80
2026-05-15 12:44:20,373 [DEBUG] crypto: AES-CBC decrypt: ciphertext_len=128
2026-05-15 12:44:20,373 [DEBUG] crypto: AES-CBC decrypt: plaintext_len=79
2026-05-15 12:44:20,375 [DEBUG] crypto: AES-CBC decrypt: ciphertext_len=216
2026-05-15 12:44:20,375 [DEBUG] crypto: AES-CBC decrypt: plaintext_len=139
2026-05-15 12:44:20,380 [DEBUG] crypto: AES-CBC decrypt: ciphertext_len=152
2026-05-15 12:44:20,380 [DEBUG] crypto: AES-CBC decrypt: plaintext_len=80
2026-05-15 12:44:20,380 [DEBUG] crypto: AES-CBC decrypt: ciphertext_len=128
2026-05-15 12:44:20,380 [DEBUG] crypto: AES-CBC decrypt: plaintext_len=79
2026-05-15 12:44:20,380 [DEBUG] crypto: AES-CBC decrypt: ciphertext_len=216
2026-05-15 12:44:20,380 [DEBUG] crypto: AES-CBC decrypt: plaintext_len=139
2026-05-15 12:44:22,646 [DEBUG] crypto: AES-CBC decrypt: ciphertext_len=216
2026-05-15 12:44:22,647 [DEBUG] crypto: AES-CBC decrypt: plaintext_len=139
2026-05-15 12:44:22,647 [DEBUG] crypto: AES-CBC decrypt: ciphertext_len=3544
2026-05-15 12:44:22,647 [DEBUG] crypto: AES-CBC decrypt: plaintext_len=2624
2026-05-15 12:44:22,647 [DEBUG] crypto: AES-CBC decrypt: ciphertext_len=2624
2026-05-15 12:44:22,647 [DEBUG] crypto: AES-CBC decrypt: plaintext_len=1942
2026-05-15 12:48:26,998 [DEBUG] crypto: Deriving key with salt=a40680831a818be2..., memory=65536, iterations=3
2026-05-15 12:48:27,053 [DEBUG] crypto: Key derived successfully, length=32
2026-05-15 12:48:27,053 [DEBUG] crypto: AES-CBC decrypt: ciphertext_len=108
2026-05-15 12:48:27,065 [DEBUG] crypto: AES-CBC decrypt: plaintext_len=49
2026-05-15 12:48:27,067 [DEBUG] crypto: AES-CBC decrypt: ciphertext_len=152
2026-05-15 12:48:27,067 [DEBUG] crypto: AES-CBC decrypt: plaintext_len=80
2026-05-15 12:48:27,068 [DEBUG] crypto: AES-CBC decrypt: ciphertext_len=128
2026-05-15 12:48:27,068 [DEBUG] crypto: AES-CBC decrypt: plaintext_len=79
2026-05-15 12:48:27,069 [DEBUG] crypto: AES-CBC decrypt: ciphertext_len=216
2026-05-15 12:48:27,069 [DEBUG] crypto: AES-CBC decrypt: plaintext_len=139
2026-05-15 12:48:27,074 [DEBUG] crypto: AES-CBC decrypt: ciphertext_len=152
2026-05-15 12:48:27,074 [DEBUG] crypto: AES-CBC decrypt: plaintext_len=80
2026-05-15 12:48:27,074 [DEBUG] crypto: AES-CBC decrypt: ciphertext_len=128
2026-05-15 12:48:27,074 [DEBUG] crypto: AES-CBC decrypt: plaintext_len=79
2026-05-15 12:48:27,074 [DEBUG] crypto: AES-CBC decrypt: ciphertext_len=216
2026-05-15 12:48:27,075 [DEBUG] crypto: AES-CBC decrypt: plaintext_len=139
2026-05-15 12:48:29,091 [DEBUG] crypto: AES-CBC decrypt: ciphertext_len=216
2026-05-15 12:48:29,091 [DEBUG] crypto: AES-CBC decrypt: plaintext_len=139
2026-05-15 12:48:29,091 [DEBUG] crypto: AES-CBC decrypt: ciphertext_len=3544
2026-05-15 12:48:29,092 [DEBUG] crypto: AES-CBC decrypt: plaintext_len=2624
2026-05-15 12:48:29,092 [DEBUG] crypto: AES-CBC decrypt: ciphertext_len=2624
2026-05-15 12:48:29,092 [DEBUG] crypto: AES-CBC decrypt: plaintext_len=1942
2026-05-15 12:52:59,911 [DEBUG] crypto: Deriving key with salt=a40680831a818be2..., memory=65536, iterations=3
2026-05-15 12:52:59,964 [DEBUG] crypto: Key derived successfully, length=32
2026-05-15 12:52:59,964 [DEBUG] crypto: AES-CBC decrypt: ciphertext_len=108
2026-05-15 12:52:59,975 [DEBUG] crypto: AES-CBC decrypt: plaintext_len=49
2026-05-15 12:52:59,977 [DEBUG] crypto: AES-CBC decrypt: ciphertext_len=152
2026-05-15 12:52:59,977 [DEBUG] crypto: AES-CBC decrypt: plaintext_len=80
2026-05-15 12:52:59,978 [DEBUG] crypto: AES-CBC decrypt: ciphertext_len=128
2026-05-15 12:52:59,978 [DEBUG] crypto: AES-CBC decrypt: plaintext_len=79
2026-05-15 12:52:59,979 [DEBUG] crypto: AES-CBC decrypt: ciphertext_len=216
2026-05-15 12:52:59,979 [DEBUG] crypto: AES-CBC decrypt: plaintext_len=139
2026-05-15 12:52:59,984 [DEBUG] crypto: AES-CBC decrypt: ciphertext_len=152
2026-05-15 12:52:59,984 [DEBUG] crypto: AES-CBC decrypt: plaintext_len=80
2026-05-15 12:52:59,984 [DEBUG] crypto: AES-CBC decrypt: ciphertext_len=128
2026-05-15 12:52:59,984 [DEBUG] crypto: AES-CBC decrypt: plaintext_len=79
2026-05-15 12:52:59,985 [DEBUG] crypto: AES-CBC decrypt: ciphertext_len=216
2026-05-15 12:52:59,985 [DEBUG] crypto: AES-CBC decrypt: plaintext_len=139
2026-05-15 12:53:01,873 [DEBUG] crypto: AES-CBC decrypt: ciphertext_len=216
2026-05-15 12:53:01,873 [DEBUG] crypto: AES-CBC decrypt: plaintext_len=139
2026-05-15 12:53:01,874 [DEBUG] crypto: AES-CBC decrypt: ciphertext_len=3544
2026-05-15 12:53:01,874 [DEBUG] crypto: AES-CBC decrypt: plaintext_len=2624
2026-05-15 12:53:01,874 [DEBUG] crypto: AES-CBC decrypt: ciphertext_len=2624
2026-05-15 12:53:01,874 [DEBUG] crypto: AES-CBC decrypt: plaintext_len=1942
2026-05-15 13:00:40,135 [DEBUG] crypto: Deriving key with salt=a40680831a818be2..., memory=65536, iterations=3
2026-05-15 13:00:40,188 [DEBUG] crypto: Key derived successfully, length=32
2026-05-15 13:00:40,188 [DEBUG] crypto: AES-CBC decrypt: ciphertext_len=108
2026-05-15 13:00:48,817 [DEBUG] crypto: Deriving key with salt=a40680831a818be2..., memory=65536, iterations=3
2026-05-15 13:00:48,868 [DEBUG] crypto: Key derived successfully, length=32
2026-05-15 13:00:48,868 [DEBUG] crypto: AES-CBC decrypt: ciphertext_len=108
2026-05-15 13:00:48,868 [DEBUG] crypto: AES-CBC decrypt: plaintext_len=49
2026-05-15 13:00:48,872 [DEBUG] crypto: AES-CBC decrypt: ciphertext_len=152
2026-05-15 13:00:48,872 [DEBUG] crypto: AES-CBC decrypt: plaintext_len=80
2026-05-15 13:00:48,874 [DEBUG] crypto: AES-CBC decrypt: ciphertext_len=128
2026-05-15 13:00:48,874 [DEBUG] crypto: AES-CBC decrypt: plaintext_len=79
2026-05-15 13:00:48,876 [DEBUG] crypto: AES-CBC decrypt: ciphertext_len=216
2026-05-15 13:00:48,876 [DEBUG] crypto: AES-CBC decrypt: plaintext_len=139
2026-05-15 13:00:48,881 [DEBUG] crypto: AES-CBC decrypt: ciphertext_len=152
2026-05-15 13:00:48,881 [DEBUG] crypto: AES-CBC decrypt: plaintext_len=80
2026-05-15 13:00:48,881 [DEBUG] crypto: AES-CBC decrypt: ciphertext_len=128
2026-05-15 13:00:48,881 [DEBUG] crypto: AES-CBC decrypt: plaintext_len=79
2026-05-15 13:00:48,881 [DEBUG] crypto: AES-CBC decrypt: ciphertext_len=216
2026-05-15 13:00:48,882 [DEBUG] crypto: AES-CBC decrypt: plaintext_len=139
2026-05-15 13:00:50,024 [DEBUG] crypto: AES-CBC decrypt: ciphertext_len=216
2026-05-15 13:00:50,024 [DEBUG] crypto: AES-CBC decrypt: plaintext_len=139
2026-05-15 13:00:50,026 [DEBUG] crypto: AES-CBC decrypt: ciphertext_len=3544
2026-05-15 13:00:50,026 [DEBUG] crypto: AES-CBC decrypt: plaintext_len=2624
2026-05-15 13:00:50,026 [DEBUG] crypto: AES-CBC decrypt: ciphertext_len=2624
2026-05-15 13:00:50,026 [DEBUG] crypto: AES-CBC decrypt: plaintext_len=1942
2026-05-15 13:04:14,310 [DEBUG] crypto: Deriving key with salt=a40680831a818be2..., memory=65536, iterations=3
2026-05-15 13:04:14,362 [DEBUG] crypto: Key derived successfully, length=32
2026-05-15 13:04:14,363 [DEBUG] crypto: AES-CBC decrypt: ciphertext_len=108
2026-05-15 13:04:14,374 [DEBUG] crypto: AES-CBC decrypt: plaintext_len=49
2026-05-15 13:04:14,376 [DEBUG] crypto: AES-CBC decrypt: ciphertext_len=152
2026-05-15 13:04:14,377 [DEBUG] crypto: AES-CBC decrypt: plaintext_len=80
2026-05-15 13:04:14,377 [DEBUG] crypto: AES-CBC decrypt: ciphertext_len=128
2026-05-15 13:04:14,377 [DEBUG] crypto: AES-CBC decrypt: plaintext_len=79
2026-05-15 13:04:14,378 [DEBUG] crypto: AES-CBC decrypt: ciphertext_len=216
2026-05-15 13:04:14,379 [DEBUG] crypto: AES-CBC decrypt: plaintext_len=139
2026-05-15 13:04:14,383 [DEBUG] crypto: AES-CBC decrypt: ciphertext_len=152
2026-05-15 13:04:14,383 [DEBUG] crypto: AES-CBC decrypt: plaintext_len=80
2026-05-15 13:04:14,383 [DEBUG] crypto: AES-CBC decrypt: ciphertext_len=128
2026-05-15 13:04:14,383 [DEBUG] crypto: AES-CBC decrypt: plaintext_len=79
2026-05-15 13:04:14,383 [DEBUG] crypto: AES-CBC decrypt: ciphertext_len=216
2026-05-15 13:04:14,383 [DEBUG] crypto: AES-CBC decrypt: plaintext_len=139
2026-05-15 13:04:15,699 [DEBUG] crypto: AES-CBC decrypt: ciphertext_len=216
2026-05-15 13:04:15,700 [DEBUG] crypto: AES-CBC decrypt: plaintext_len=139
2026-05-15 13:04:15,700 [DEBUG] crypto: AES-CBC decrypt: ciphertext_len=3544
2026-05-15 13:04:15,700 [DEBUG] crypto: AES-CBC decrypt: plaintext_len=2624
2026-05-15 13:04:15,700 [DEBUG] crypto: AES-CBC decrypt: ciphertext_len=2624
2026-05-15 13:04:15,700 [DEBUG] crypto: AES-CBC decrypt: plaintext_len=1942
2026-05-15 13:45:42,864 [DEBUG] crypto: AES-CBC decrypt: ciphertext_len=216
2026-05-15 13:45:42,864 [DEBUG] crypto: AES-CBC decrypt: plaintext_len=139
2026-05-15 13:45:43,097 [DEBUG] crypto: AES-CBC decrypt: ciphertext_len=152
2026-05-15 13:45:43,098 [DEBUG] crypto: AES-CBC decrypt: plaintext_len=80
2026-05-15 13:45:45,053 [DEBUG] crypto: AES-CBC decrypt: ciphertext_len=216
2026-05-15 13:45:45,053 [DEBUG] crypto: AES-CBC decrypt: plaintext_len=139
2026-05-15 13:45:45,127 [DEBUG] crypto: AES-CBC decrypt: ciphertext_len=128
2026-05-15 13:45:45,128 [DEBUG] crypto: AES-CBC decrypt: plaintext_len=79
